0 verbose cli C:\Program Files\nodejs\node.exe C:\Program Files\nodejs\node_modules\npm\bin\npm-cli.js
1 info using npm@9.5.0
2 info using node@v18.15.0
3 timing npm:load:whichnode Completed in 11ms
4 timing config:load:defaults Completed in 7ms
5 timing config:load:file:C:\Program Files\nodejs\node_modules\npm\npmrc Completed in 9ms
6 timing config:load:builtin Completed in 10ms
7 timing config:load:cli Completed in 8ms
8 timing config:load:env Completed in 2ms
9 timing config:load:file:c:\Users\MOHAMMAD AZHAR\OneDrive\Desktop\Grocify - Major project\client\.npmrc Completed in 1ms
10 timing config:load:project Completed in 7ms
11 timing config:load:file:C:\Users\MOHAMMAD AZHAR\.npmrc Completed in 4ms
12 timing config:load:user Completed in 5ms
13 timing config:load:file:C:\Users\MOHAMMAD AZHAR\AppData\Roaming\npm\etc\npmrc Completed in 4ms
14 timing config:load:global Completed in 4ms
15 timing config:load:setEnvs Completed in 5ms
16 timing config:load Completed in 51ms
17 timing npm:load:configload Completed in 52ms
18 timing npm:load:mkdirpcache Completed in 2ms
19 timing npm:load:mkdirplogs Completed in 3ms
20 verbose title npm view recharts description dist-tags.latest homepage version time
21 verbose argv "view" "--json" "--" "recharts" "description" "dist-tags.latest" "homepage" "version" "time"
22 timing npm:load:setTitle Completed in 8ms
23 timing config:load:flatten Completed in 22ms
24 timing npm:load:display Completed in 24ms
25 verbose logfile logs-max:10 dir:C:\Users\MOHAMMAD AZHAR\OneDrive\Desktop\Grocify - Major project\client\npm-cache\_logs\2025-06-30T14_42_03_964Z-
26 verbose logfile C:\Users\MOHAMMAD AZHAR\OneDrive\Desktop\Grocify - Major project\client\npm-cache\_logs\2025-06-30T14_42_03_964Z-debug-0.log
27 timing npm:load:logFile Completed in 21ms
28 timing npm:load:timers Completed in 0ms
29 timing npm:load:configScope Completed in 0ms
30 timing npm:load Completed in 126ms
31 silly logfile start cleaning logs, removing 4 files
32 silly logfile error removing log file C:/Users/MOHAMMAD AZHAR/OneDrive/Desktop/Grocify - Major project/client/npm-cache/_logs/2025-06-19T08_45_43_549Z-debug-0.log [Error: EPERM: operation not permitted, lstat 'C:\Users\MOHAMMAD AZHAR\OneDrive\Desktop\Grocify - Major project\client\npm-cache\_logs\2025-06-19T08_45_43_549Z-debug-0.log'] {
32 silly logfile   errno: -4048,
32 silly logfile   code: 'EPERM',
32 silly logfile   syscall: 'lstat',
32 silly logfile   path: 'C:\\Users\\MOHAMMAD AZHAR\\OneDrive\\Desktop\\Grocify - Major project\\client\\npm-cache\\_logs\\2025-06-19T08_45_43_549Z-debug-0.log'
32 silly logfile }
33 silly logfile error removing log file C:/Users/MOHAMMAD AZHAR/OneDrive/Desktop/Grocify - Major project/client/npm-cache/_logs/2025-06-30T09_02_08_557Z-debug-0.log [Error: EPERM: operation not permitted, lstat 'C:\Users\MOHAMMAD AZHAR\OneDrive\Desktop\Grocify - Major project\client\npm-cache\_logs\2025-06-30T09_02_08_557Z-debug-0.log'] {
33 silly logfile   errno: -4048,
33 silly logfile   code: 'EPERM',
33 silly logfile   syscall: 'lstat',
33 silly logfile   path: 'C:\\Users\\MOHAMMAD AZHAR\\OneDrive\\Desktop\\Grocify - Major project\\client\\npm-cache\\_logs\\2025-06-30T09_02_08_557Z-debug-0.log'
33 silly logfile }
34 silly logfile done cleaning log files
35 http fetch GET 200 https://registry.npmjs.org/recharts 555ms (cache revalidated)
36 timing command:view Completed in 651ms
37 verbose exit 0
38 timing npm Completed in 831ms
39 info ok
