0 verbose cli C:\Program Files\nodejs\node.exe C:\Program Files\nodejs\node_modules\npm\bin\npm-cli.js
1 info using npm@9.5.0
2 info using node@v18.15.0
3 timing npm:load:whichnode Completed in 4ms
4 timing config:load:defaults Completed in 5ms
5 timing config:load:file:C:\Program Files\nodejs\node_modules\npm\npmrc Completed in 4ms
6 timing config:load:builtin Completed in 6ms
7 timing config:load:cli Completed in 6ms
8 timing config:load:env Completed in 2ms
9 timing config:load:file:C:\Users\MOHAMMAD AZHAR\AppData\Local\Microsoft\TypeScript\5.8\.npmrc Completed in 0ms
10 timing config:load:project Completed in 5ms
11 timing config:load:file:C:\Users\MOHAMMAD AZHAR\.npmrc Completed in 2ms
12 timing config:load:user Completed in 2ms
13 timing config:load:file:C:\Users\MOHAMMAD AZHAR\AppData\Roaming\npm\etc\npmrc Completed in 1ms
14 timing config:load:global Completed in 2ms
15 timing config:load:setEnvs Completed in 4ms
16 timing config:load Completed in 32ms
17 timing npm:load:configload Completed in 33ms
18 timing npm:load:mkdirpcache Completed in 1ms
19 timing npm:load:mkdirplogs Completed in 1ms
20 verbose title npm install @types/set-cookie-parser@ts5.8
21 verbose argv "install" "--ignore-scripts" "@types/set-cookie-parser@ts5.8" "--save-dev" "--user-agent" "typesInstaller/5.8.2"
22 timing npm:load:setTitle Completed in 4ms
23 timing config:load:flatten Completed in 9ms
24 timing npm:load:display Completed in 11ms
25 verbose logfile logs-max:10 dir:C:\Users\MOHAMMAD AZHAR\OneDrive\Desktop\Grocify - Major project\client\npm-cache\_logs\2025-06-30T15_13_20_502Z-
26 verbose logfile C:\Users\MOHAMMAD AZHAR\OneDrive\Desktop\Grocify - Major project\client\npm-cache\_logs\2025-06-30T15_13_20_502Z-debug-0.log
27 timing npm:load:logFile Completed in 18ms
28 timing npm:load:timers Completed in 0ms
29 timing npm:load:configScope Completed in 0ms
30 timing npm:load Completed in 73ms
31 timing arborist:ctor Completed in 1ms
32 silly logfile start cleaning logs, removing 3 files
33 silly logfile error removing log file C:/Users/MOHAMMAD AZHAR/OneDrive/Desktop/Grocify - Major project/client/npm-cache/_logs/2025-06-19T08_45_43_549Z-debug-0.log [Error: EPERM: operation not permitted, lstat 'C:\Users\MOHAMMAD AZHAR\OneDrive\Desktop\Grocify - Major project\client\npm-cache\_logs\2025-06-19T08_45_43_549Z-debug-0.log'] {
33 silly logfile   errno: -4048,
33 silly logfile   code: 'EPERM',
33 silly logfile   syscall: 'lstat',
33 silly logfile   path: 'C:\\Users\\MOHAMMAD AZHAR\\OneDrive\\Desktop\\Grocify - Major project\\client\\npm-cache\\_logs\\2025-06-19T08_45_43_549Z-debug-0.log'
33 silly logfile }
34 silly logfile done cleaning log files
35 timing idealTree:init Completed in 221ms
36 timing arborist:ctor Completed in 0ms
37 http fetch GET 200 https://registry.npmjs.org/@types%2fset-cookie-parser 620ms (cache miss)
38 timing idealTree:userRequests Completed in 640ms
39 silly idealTree buildDeps
40 silly fetch manifest @types/set-cookie-parser@2.4.10
41 silly placeDep ROOT @types/set-cookie-parser@2.4.10 OK for:  want: 2.4.10
42 timing idealTree:#root Completed in 16ms
43 timing idealTree:node_modules/@types/set-cookie-parser Completed in 0ms
44 timing idealTree:buildDeps Completed in 18ms
45 timing idealTree:fixDepFlags Completed in 1ms
46 timing idealTree Completed in 886ms
47 timing reify:loadTrees Completed in 890ms
48 timing reify:diffTrees Completed in 11ms
49 silly reify moves {}
50 timing reify:retireShallow Completed in 0ms
51 timing reify:createSparse Completed in 9ms
52 timing reify:loadBundles Completed in 0ms
53 silly audit bulk request {
53 silly audit   '@parcel/watcher': [ '2.5.1' ],
53 silly audit   '@parcel/watcher-android-arm64': [ '2.5.1' ],
53 silly audit   '@parcel/watcher-darwin-arm64': [ '2.5.1' ],
53 silly audit   '@parcel/watcher-darwin-x64': [ '2.5.1' ],
53 silly audit   '@parcel/watcher-freebsd-x64': [ '2.5.1' ],
53 silly audit   '@parcel/watcher-linux-arm-glibc': [ '2.5.1' ],
53 silly audit   '@parcel/watcher-linux-arm-musl': [ '2.5.1' ],
53 silly audit   '@parcel/watcher-linux-arm64-glibc': [ '2.5.1' ],
53 silly audit   '@parcel/watcher-linux-arm64-musl': [ '2.5.1' ],
53 silly audit   '@parcel/watcher-linux-x64-glibc': [ '2.5.1' ],
53 silly audit   '@parcel/watcher-linux-x64-musl': [ '2.5.1' ],
53 silly audit   '@parcel/watcher-win32-arm64': [ '2.5.1' ],
53 silly audit   '@parcel/watcher-win32-ia32': [ '2.5.1' ],
53 silly audit   '@parcel/watcher-win32-x64': [ '2.5.1' ],
53 silly audit   '@popperjs/core': [ '2.11.8' ],
53 silly audit   '@types/bcrypt': [ '5.0.2' ],
53 silly audit   '@types/body-parser': [ '1.19.5' ],
53 silly audit   '@types/bootstrap': [ '5.2.10' ],
53 silly audit   '@types/browser-sync': [ '2.29.0' ],
53 silly audit   '@types/browser-sync-webpack-plugin': [ '2.2.5' ],
53 silly audit   '@types/co': [ '4.6.6' ],
53 silly audit   '@types/connect': [ '3.4.38' ],
53 silly audit   '@types/cookie-parser': [ '1.4.9' ],
53 silly audit   '@types/cors': [ '2.8.19' ],
53 silly audit   '@types/d': [ '1.0.4' ],
53 silly audit   '@types/dot': [ '1.1.7' ],
53 silly audit   '@types/express': [ '5.0.3' ],
53 silly audit   '@types/express-serve-static-core': [ '5.0.6' ],
53 silly audit   '@types/get-size': [ '3.0.4' ],
53 silly audit   '@types/http-errors': [ '2.0.4' ],
53 silly audit   '@types/jquery': [ '3.5.32' ],
53 silly audit   '@types/jsonwebtoken': [ '9.0.10' ],
53 silly audit   '@types/less': [ '3.0.8' ],
53 silly audit   '@types/lodash': [ '4.17.17' ],
53 silly audit   '@types/masonry-layout': [ '4.2.8' ],
53 silly audit   '@types/micromatch': [ '2.3.35' ],
53 silly audit   '@types/mime': [ '1.3.5' ],
53 silly audit   '@types/ms': [ '2.1.0' ],
53 silly audit   '@types/multer': [ '1.4.13' ],
53 silly audit   '@types/node': [ '22.13.13' ],
53 silly audit   '@types/node-sass': [ '4.11.8' ],
53 silly audit   '@types/parse-glob': [ '3.0.32' ],
53 silly audit   '@types/qs': [ '6.9.18' ],
53 silly audit   '@types/range-parser': [ '1.2.7' ],
53 silly audit   '@types/react': [ '19.1.8' ],
53 silly audit   '@types/react-dom': [ '19.1.3' ],
53 silly audit   '@types/sass-loader': [ '8.0.9' ],
53 silly audit   '@types/scrollmagic': [ '2.0.8' ],
53 silly audit   '@types/send': [ '0.17.4' ],
53 silly audit   '@types/serve-static': [ '1.15.7' ],
53 silly audit   '@types/sizzle': [ '2.3.9' ],
53 silly audit   '@types/slick-carousel': [ '1.6.40' ],
53 silly audit   '@types/source-list-map': [ '0.1.6' ],
53 silly audit   '@types/stylus': [ '0.48.43' ],
53 silly audit   '@types/tapable': [ '1.0.12' ],
53 silly audit   '@types/uglify-js': [ '3.17.5' ],
53 silly audit   '@types/webpack': [ '4.41.40' ],
53 silly audit   '@types/webpack-sources': [ '3.2.3' ],
53 silly audit   'source-map': [ '0.7.4', '0.6.1' ],
53 silly audit   anymatch: [ '3.1.3' ],
53 silly audit   'binary-extensions': [ '2.3.0' ],
53 silly audit   braces: [ '3.0.3' ],
53 silly audit   chokidar: [ '3.6.0', '4.0.3' ],
53 silly audit   csstype: [ '3.1.3' ],
53 silly audit   'detect-libc': [ '1.0.3' ],
53 silly audit   'fill-range': [ '7.1.1' ],
53 silly audit   fsevents: [ '2.3.3' ],
53 silly audit   'glob-parent': [ '5.1.2' ],
53 silly audit   immutable: [ '5.1.2' ],
53 silly audit   'is-binary-path': [ '2.1.0' ],
53 silly audit   'is-extglob': [ '2.1.1' ],
53 silly audit   'is-glob': [ '4.0.3' ],
53 silly audit   'is-number': [ '7.0.0' ],
53 silly audit   micromatch: [ '4.0.8' ],
53 silly audit   'node-addon-api': [ '7.1.1' ],
53 silly audit   'normalize-path': [ '3.0.0' ],
53 silly audit   picomatch: [ '2.3.1' ],
53 silly audit   readdirp: [ '3.6.0', '4.1.2' ],
53 silly audit   sass: [ '1.89.1' ],
53 silly audit   'source-map-js': [ '1.2.1' ],
53 silly audit   'to-regex-range': [ '5.0.1' ],
53 silly audit   'types-registry': [ '0.1.725' ],
53 silly audit   'undici-types': [ '6.20.0' ],
53 silly audit   '@types/set-cookie-parser': [ '2.4.10' ]
53 silly audit }
54 verbose reify failed optional dependency C:\Users\MOHAMMAD AZHAR\AppData\Local\Microsoft\TypeScript\5.8\node_modules\fsevents
55 silly reify mark deleted [
55 silly reify   'C:\\Users\\MOHAMMAD AZHAR\\AppData\\Local\\Microsoft\\TypeScript\\5.8\\node_modules\\fsevents'
55 silly reify ]
56 verbose reify failed optional dependency C:\Users\MOHAMMAD AZHAR\AppData\Local\Microsoft\TypeScript\5.8\node_modules\@parcel\watcher-win32-ia32
57 silly reify mark deleted [
57 silly reify   'C:\\Users\\MOHAMMAD AZHAR\\AppData\\Local\\Microsoft\\TypeScript\\5.8\\node_modules\\@parcel\\watcher-win32-ia32'
57 silly reify ]
58 verbose reify failed optional dependency C:\Users\MOHAMMAD AZHAR\AppData\Local\Microsoft\TypeScript\5.8\node_modules\@parcel\watcher-win32-arm64
59 silly reify mark deleted [
59 silly reify   'C:\\Users\\MOHAMMAD AZHAR\\AppData\\Local\\Microsoft\\TypeScript\\5.8\\node_modules\\@parcel\\watcher-win32-arm64'
59 silly reify ]
60 verbose reify failed optional dependency C:\Users\MOHAMMAD AZHAR\AppData\Local\Microsoft\TypeScript\5.8\node_modules\@parcel\watcher-linux-x64-musl
61 silly reify mark deleted [
61 silly reify   'C:\\Users\\MOHAMMAD AZHAR\\AppData\\Local\\Microsoft\\TypeScript\\5.8\\node_modules\\@parcel\\watcher-linux-x64-musl'
61 silly reify ]
62 verbose reify failed optional dependency C:\Users\MOHAMMAD AZHAR\AppData\Local\Microsoft\TypeScript\5.8\node_modules\@parcel\watcher-linux-x64-glibc
63 silly reify mark deleted [
63 silly reify   'C:\\Users\\MOHAMMAD AZHAR\\AppData\\Local\\Microsoft\\TypeScript\\5.8\\node_modules\\@parcel\\watcher-linux-x64-glibc'
63 silly reify ]
64 verbose reify failed optional dependency C:\Users\MOHAMMAD AZHAR\AppData\Local\Microsoft\TypeScript\5.8\node_modules\@parcel\watcher-linux-arm64-musl
65 silly reify mark deleted [
65 silly reify   'C:\\Users\\MOHAMMAD AZHAR\\AppData\\Local\\Microsoft\\TypeScript\\5.8\\node_modules\\@parcel\\watcher-linux-arm64-musl'
65 silly reify ]
66 verbose reify failed optional dependency C:\Users\MOHAMMAD AZHAR\AppData\Local\Microsoft\TypeScript\5.8\node_modules\@parcel\watcher-linux-arm64-glibc
67 silly reify mark deleted [
67 silly reify   'C:\\Users\\MOHAMMAD AZHAR\\AppData\\Local\\Microsoft\\TypeScript\\5.8\\node_modules\\@parcel\\watcher-linux-arm64-glibc'
67 silly reify ]
68 verbose reify failed optional dependency C:\Users\MOHAMMAD AZHAR\AppData\Local\Microsoft\TypeScript\5.8\node_modules\@parcel\watcher-linux-arm-musl
69 silly reify mark deleted [
69 silly reify   'C:\\Users\\MOHAMMAD AZHAR\\AppData\\Local\\Microsoft\\TypeScript\\5.8\\node_modules\\@parcel\\watcher-linux-arm-musl'
69 silly reify ]
70 verbose reify failed optional dependency C:\Users\MOHAMMAD AZHAR\AppData\Local\Microsoft\TypeScript\5.8\node_modules\@parcel\watcher-linux-arm-glibc
71 silly reify mark deleted [
71 silly reify   'C:\\Users\\MOHAMMAD AZHAR\\AppData\\Local\\Microsoft\\TypeScript\\5.8\\node_modules\\@parcel\\watcher-linux-arm-glibc'
71 silly reify ]
72 verbose reify failed optional dependency C:\Users\MOHAMMAD AZHAR\AppData\Local\Microsoft\TypeScript\5.8\node_modules\@parcel\watcher-freebsd-x64
73 silly reify mark deleted [
73 silly reify   'C:\\Users\\MOHAMMAD AZHAR\\AppData\\Local\\Microsoft\\TypeScript\\5.8\\node_modules\\@parcel\\watcher-freebsd-x64'
73 silly reify ]
74 verbose reify failed optional dependency C:\Users\MOHAMMAD AZHAR\AppData\Local\Microsoft\TypeScript\5.8\node_modules\@parcel\watcher-darwin-x64
75 silly reify mark deleted [
75 silly reify   'C:\\Users\\MOHAMMAD AZHAR\\AppData\\Local\\Microsoft\\TypeScript\\5.8\\node_modules\\@parcel\\watcher-darwin-x64'
75 silly reify ]
76 verbose reify failed optional dependency C:\Users\MOHAMMAD AZHAR\AppData\Local\Microsoft\TypeScript\5.8\node_modules\@parcel\watcher-darwin-arm64
77 silly reify mark deleted [
77 silly reify   'C:\\Users\\MOHAMMAD AZHAR\\AppData\\Local\\Microsoft\\TypeScript\\5.8\\node_modules\\@parcel\\watcher-darwin-arm64'
77 silly reify ]
78 verbose reify failed optional dependency C:\Users\MOHAMMAD AZHAR\AppData\Local\Microsoft\TypeScript\5.8\node_modules\@parcel\watcher-android-arm64
79 silly reify mark deleted [
79 silly reify   'C:\\Users\\MOHAMMAD AZHAR\\AppData\\Local\\Microsoft\\TypeScript\\5.8\\node_modules\\@parcel\\watcher-android-arm64'
79 silly reify ]
80 timing reifyNode:node_modules/fsevents Completed in 20ms
81 timing reifyNode:node_modules/@parcel/watcher-win32-ia32 Completed in 20ms
82 timing reifyNode:node_modules/@parcel/watcher-win32-arm64 Completed in 20ms
83 timing reifyNode:node_modules/@parcel/watcher-linux-x64-musl Completed in 20ms
84 timing reifyNode:node_modules/@parcel/watcher-linux-x64-glibc Completed in 19ms
85 timing reifyNode:node_modules/@parcel/watcher-linux-arm64-musl Completed in 19ms
86 timing reifyNode:node_modules/@parcel/watcher-linux-arm64-glibc Completed in 19ms
87 timing reifyNode:node_modules/@parcel/watcher-linux-arm-musl Completed in 19ms
88 timing reifyNode:node_modules/@parcel/watcher-linux-arm-glibc Completed in 19ms
89 timing reifyNode:node_modules/@parcel/watcher-freebsd-x64 Completed in 20ms
90 timing reifyNode:node_modules/@parcel/watcher-darwin-x64 Completed in 20ms
91 timing reifyNode:node_modules/@parcel/watcher-darwin-arm64 Completed in 20ms
92 timing reifyNode:node_modules/@parcel/watcher-android-arm64 Completed in 19ms
93 silly tarball no local data for @types/set-cookie-parser@https://registry.npmjs.org/@types/set-cookie-parser/-/set-cookie-parser-2.4.10.tgz. Extracting by manifest.
94 http fetch POST 200 https://registry.npmjs.org/-/npm/v1/security/advisories/bulk 624ms
95 timing auditReport:getReport Completed in 632ms
96 silly audit report {}
97 timing auditReport:init Completed in 0ms
98 timing reify:audit Completed in 633ms
99 http fetch GET 200 https://registry.npmjs.org/@types/set-cookie-parser/-/set-cookie-parser-2.4.10.tgz 621ms (cache miss)
100 timing reifyNode:node_modules/@types/set-cookie-parser Completed in 654ms
101 timing reify:unpack Completed in 654ms
102 timing reify:unretire Completed in 1ms
103 timing build:queue Completed in 2ms
104 timing build:deps Completed in 3ms
105 timing build Completed in 3ms
106 timing reify:build Completed in 5ms
107 timing reify:trash Completed in 12ms
108 timing reify:save Completed in 83ms
109 timing reify Completed in 1719ms
110 silly ADD node_modules/@types/set-cookie-parser
111 silly ADD
112 silly ADD
113 silly ADD
114 silly ADD
115 silly ADD
116 silly ADD
117 silly ADD
118 silly ADD
119 silly ADD
120 silly ADD
121 silly ADD
122 silly ADD
123 silly ADD
124 timing command:install Completed in 1737ms
125 verbose exit 0
126 timing npm Completed in 1871ms
127 info ok
