0 verbose cli C:\Program Files\nodejs\node.exe C:\Program Files\nodejs\node_modules\npm\bin\npm-cli.js
1 info using npm@9.5.0
2 info using node@v18.15.0
3 timing npm:load:whichnode Completed in 2ms
4 timing config:load:defaults Completed in 3ms
5 timing config:load:file:C:\Program Files\nodejs\node_modules\npm\npmrc Completed in 4ms
6 timing config:load:builtin Completed in 4ms
7 timing config:load:cli Completed in 3ms
8 timing config:load:env Completed in 2ms
9 timing config:load:file:C:\Users\MOHAMMAD AZHAR\OneDrive\Desktop\Grocify - Major project\client\.npmrc Completed in 0ms
10 timing config:load:project Completed in 3ms
11 timing config:load:file:C:\Users\MOHAMMAD AZHAR\.npmrc Completed in 2ms
12 timing config:load:user Completed in 2ms
13 timing config:load:file:C:\Users\MOHAMMAD AZHAR\AppData\Roaming\npm\etc\npmrc Completed in 1ms
14 timing config:load:global Completed in 1ms
15 timing config:load:setEnvs Completed in 4ms
16 timing config:load Completed in 23ms
17 timing npm:load:configload Completed in 24ms
18 timing npm:load:mkdirpcache Completed in 1ms
19 timing npm:load:mkdirplogs Completed in 1ms
20 verbose title npm install
21 verbose argv "install"
22 timing npm:load:setTitle Completed in 3ms
23 timing config:load:flatten Completed in 7ms
24 timing npm:load:display Completed in 8ms
25 verbose logfile logs-max:10 dir:C:\Users\MOHAMMAD AZHAR\OneDrive\Desktop\Grocify - Major project\client\npm-cache\_logs\2025-06-30T15_13_00_335Z-
26 verbose logfile C:\Users\MOHAMMAD AZHAR\OneDrive\Desktop\Grocify - Major project\client\npm-cache\_logs\2025-06-30T15_13_00_335Z-debug-0.log
27 timing npm:load:logFile Completed in 17ms
28 timing npm:load:timers Completed in 0ms
29 timing npm:load:configScope Completed in 0ms
30 timing npm:load Completed in 57ms
31 timing arborist:ctor Completed in 2ms
32 silly logfile start cleaning logs, removing 3 files
33 silly logfile error removing log file C:/Users/MOHAMMAD AZHAR/OneDrive/Desktop/Grocify - Major project/client/npm-cache/_logs/2025-06-19T08_45_43_549Z-debug-0.log [Error: EPERM: operation not permitted, lstat 'C:\Users\MOHAMMAD AZHAR\OneDrive\Desktop\Grocify - Major project\client\npm-cache\_logs\2025-06-19T08_45_43_549Z-debug-0.log'] {
33 silly logfile   errno: -4048,
33 silly logfile   code: 'EPERM',
33 silly logfile   syscall: 'lstat',
33 silly logfile   path: 'C:\\Users\\MOHAMMAD AZHAR\\OneDrive\\Desktop\\Grocify - Major project\\client\\npm-cache\\_logs\\2025-06-19T08_45_43_549Z-debug-0.log'
33 silly logfile }
34 silly logfile done cleaning log files
35 timing idealTree:init Completed in 396ms
36 timing idealTree:userRequests Completed in 0ms
37 silly idealTree buildDeps
38 timing idealTree:#root Completed in 1ms
39 timing idealTree:buildDeps Completed in 3ms
40 timing idealTree:fixDepFlags Completed in 1ms
41 warn EBADENGINE Unsupported engine {
41 warn EBADENGINE   package: '@eslint/config-array@0.19.2',
41 warn EBADENGINE   required: { node: '^18.18.0 || ^20.9.0 || >=21.1.0' },
41 warn EBADENGINE   current: { node: 'v18.15.0', npm: '9.5.0' }
41 warn EBADENGINE }
42 warn EBADENGINE Unsupported engine {
42 warn EBADENGINE   package: '@eslint/config-helpers@0.2.0',
42 warn EBADENGINE   required: { node: '^18.18.0 || ^20.9.0 || >=21.1.0' },
42 warn EBADENGINE   current: { node: 'v18.15.0', npm: '9.5.0' }
42 warn EBADENGINE }
43 warn EBADENGINE Unsupported engine {
43 warn EBADENGINE   package: '@eslint/core@0.12.0',
43 warn EBADENGINE   required: { node: '^18.18.0 || ^20.9.0 || >=21.1.0' },
43 warn EBADENGINE   current: { node: 'v18.15.0', npm: '9.5.0' }
43 warn EBADENGINE }
44 warn EBADENGINE Unsupported engine {
44 warn EBADENGINE   package: '@eslint/eslintrc@3.3.1',
44 warn EBADENGINE   required: { node: '^18.18.0 || ^20.9.0 || >=21.1.0' },
44 warn EBADENGINE   current: { node: 'v18.15.0', npm: '9.5.0' }
44 warn EBADENGINE }
45 warn EBADENGINE Unsupported engine {
45 warn EBADENGINE   package: '@eslint/js@9.23.0',
45 warn EBADENGINE   required: { node: '^18.18.0 || ^20.9.0 || >=21.1.0' },
45 warn EBADENGINE   current: { node: 'v18.15.0', npm: '9.5.0' }
45 warn EBADENGINE }
46 warn EBADENGINE Unsupported engine {
46 warn EBADENGINE   package: '@eslint/object-schema@2.1.6',
46 warn EBADENGINE   required: { node: '^18.18.0 || ^20.9.0 || >=21.1.0' },
46 warn EBADENGINE   current: { node: 'v18.15.0', npm: '9.5.0' }
46 warn EBADENGINE }
47 warn EBADENGINE Unsupported engine {
47 warn EBADENGINE   package: '@eslint/plugin-kit@0.2.7',
47 warn EBADENGINE   required: { node: '^18.18.0 || ^20.9.0 || >=21.1.0' },
47 warn EBADENGINE   current: { node: 'v18.15.0', npm: '9.5.0' }
47 warn EBADENGINE }
48 warn EBADENGINE Unsupported engine {
48 warn EBADENGINE   package: '@humanfs/core@0.19.1',
48 warn EBADENGINE   required: { node: '>=18.18.0' },
48 warn EBADENGINE   current: { node: 'v18.15.0', npm: '9.5.0' }
48 warn EBADENGINE }
49 warn EBADENGINE Unsupported engine {
49 warn EBADENGINE   package: '@humanfs/node@0.16.6',
49 warn EBADENGINE   required: { node: '>=18.18.0' },
49 warn EBADENGINE   current: { node: 'v18.15.0', npm: '9.5.0' }
49 warn EBADENGINE }
50 warn EBADENGINE Unsupported engine {
50 warn EBADENGINE   package: '@humanwhocodes/retry@0.3.1',
50 warn EBADENGINE   required: { node: '>=18.18' },
50 warn EBADENGINE   current: { node: 'v18.15.0', npm: '9.5.0' }
50 warn EBADENGINE }
51 warn EBADENGINE Unsupported engine {
51 warn EBADENGINE   package: '@humanwhocodes/retry@0.4.2',
51 warn EBADENGINE   required: { node: '>=18.18' },
51 warn EBADENGINE   current: { node: 'v18.15.0', npm: '9.5.0' }
51 warn EBADENGINE }
52 warn EBADENGINE Unsupported engine {
52 warn EBADENGINE   package: 'eslint@9.23.0',
52 warn EBADENGINE   required: { node: '^18.18.0 || ^20.9.0 || >=21.1.0' },
52 warn EBADENGINE   current: { node: 'v18.15.0', npm: '9.5.0' }
52 warn EBADENGINE }
53 warn EBADENGINE Unsupported engine {
53 warn EBADENGINE   package: 'eslint-scope@8.3.0',
53 warn EBADENGINE   required: { node: '^18.18.0 || ^20.9.0 || >=21.1.0' },
53 warn EBADENGINE   current: { node: 'v18.15.0', npm: '9.5.0' }
53 warn EBADENGINE }
54 warn EBADENGINE Unsupported engine {
54 warn EBADENGINE   package: 'eslint-visitor-keys@4.2.0',
54 warn EBADENGINE   required: { node: '^18.18.0 || ^20.9.0 || >=21.1.0' },
54 warn EBADENGINE   current: { node: 'v18.15.0', npm: '9.5.0' }
54 warn EBADENGINE }
55 warn EBADENGINE Unsupported engine {
55 warn EBADENGINE   package: 'espree@10.3.0',
55 warn EBADENGINE   required: { node: '^18.18.0 || ^20.9.0 || >=21.1.0' },
55 warn EBADENGINE   current: { node: 'v18.15.0', npm: '9.5.0' }
55 warn EBADENGINE }
56 warn EBADENGINE Unsupported engine {
56 warn EBADENGINE   package: 'react-router@7.4.0',
56 warn EBADENGINE   required: { node: '>=20.0.0' },
56 warn EBADENGINE   current: { node: 'v18.15.0', npm: '9.5.0' }
56 warn EBADENGINE }
57 warn EBADENGINE Unsupported engine {
57 warn EBADENGINE   package: 'react-router-dom@7.4.0',
57 warn EBADENGINE   required: { node: '>=20.0.0' },
57 warn EBADENGINE   current: { node: 'v18.15.0', npm: '9.5.0' }
57 warn EBADENGINE }
58 timing idealTree Completed in 514ms
59 timing reify:loadTrees Completed in 535ms
60 timing reify:diffTrees Completed in 7ms
61 silly reify moves {}
62 timing reify:retireShallow Completed in 1ms
63 timing reify:createSparse Completed in 344ms
64 timing reify:loadBundles Completed in 0ms
65 silly audit bulk request {
65 silly audit   '@ampproject/remapping': [ '2.3.0' ],
65 silly audit   '@babel/code-frame': [ '7.26.2' ],
65 silly audit   '@babel/compat-data': [ '7.26.8' ],
65 silly audit   '@babel/core': [ '7.26.10' ],
65 silly audit   '@babel/generator': [ '7.27.0' ],
65 silly audit   '@babel/helper-compilation-targets': [ '7.27.0' ],
65 silly audit   '@babel/helper-module-imports': [ '7.25.9' ],
65 silly audit   '@babel/helper-module-transforms': [ '7.26.0' ],
65 silly audit   '@babel/helper-plugin-utils': [ '7.26.5' ],
65 silly audit   '@babel/helper-string-parser': [ '7.25.9' ],
65 silly audit   '@babel/helper-validator-identifier': [ '7.25.9' ],
65 silly audit   '@babel/helper-validator-option': [ '7.25.9' ],
65 silly audit   '@babel/helpers': [ '7.27.0' ],
65 silly audit   '@babel/parser': [ '7.27.0' ],
65 silly audit   '@babel/plugin-transform-react-jsx-self': [ '7.25.9' ],
65 silly audit   '@babel/plugin-transform-react-jsx-source': [ '7.25.9' ],
65 silly audit   '@babel/runtime': [ '7.27.3' ],
65 silly audit   '@babel/template': [ '7.27.0' ],
65 silly audit   '@babel/traverse': [ '7.27.0' ],
65 silly audit   globals: [ '11.12.0', '14.0.0', '15.15.0' ],
65 silly audit   '@babel/types': [ '7.27.0' ],
65 silly audit   '@esbuild/aix-ppc64': [ '0.25.1' ],
65 silly audit   '@esbuild/android-arm': [ '0.25.1' ],
65 silly audit   '@esbuild/android-arm64': [ '0.25.1' ],
65 silly audit   '@esbuild/android-x64': [ '0.25.1' ],
65 silly audit   '@esbuild/darwin-arm64': [ '0.25.1' ],
65 silly audit   '@esbuild/darwin-x64': [ '0.25.1' ],
65 silly audit   '@esbuild/freebsd-arm64': [ '0.25.1' ],
65 silly audit   '@esbuild/freebsd-x64': [ '0.25.1' ],
65 silly audit   '@esbuild/linux-arm': [ '0.25.1' ],
65 silly audit   '@esbuild/linux-arm64': [ '0.25.1' ],
65 silly audit   '@esbuild/linux-ia32': [ '0.25.1' ],
65 silly audit   '@esbuild/linux-loong64': [ '0.25.1' ],
65 silly audit   '@esbuild/linux-mips64el': [ '0.25.1' ],
65 silly audit   '@esbuild/linux-ppc64': [ '0.25.1' ],
65 silly audit   '@esbuild/linux-riscv64': [ '0.25.1' ],
65 silly audit   '@esbuild/linux-s390x': [ '0.25.1' ],
65 silly audit   '@esbuild/linux-x64': [ '0.25.1' ],
65 silly audit   '@esbuild/netbsd-arm64': [ '0.25.1' ],
65 silly audit   '@esbuild/netbsd-x64': [ '0.25.1' ],
65 silly audit   '@esbuild/openbsd-arm64': [ '0.25.1' ],
65 silly audit   '@esbuild/openbsd-x64': [ '0.25.1' ],
65 silly audit   '@esbuild/sunos-x64': [ '0.25.1' ],
65 silly audit   '@esbuild/win32-arm64': [ '0.25.1' ],
65 silly audit   '@esbuild/win32-ia32': [ '0.25.1' ],
65 silly audit   '@esbuild/win32-x64': [ '0.25.1' ],
65 silly audit   '@eslint-community/eslint-utils': [ '4.5.1' ],
65 silly audit   'eslint-visitor-keys': [ '3.4.3', '4.2.0' ],
65 silly audit   '@eslint-community/regexpp': [ '4.12.1' ],
65 silly audit   '@eslint/config-array': [ '0.19.2' ],
65 silly audit   '@eslint/config-helpers': [ '0.2.0' ],
65 silly audit   '@eslint/core': [ '0.12.0' ],
65 silly audit   '@eslint/eslintrc': [ '3.3.1' ],
65 silly audit   '@eslint/js': [ '9.23.0' ],
65 silly audit   '@eslint/object-schema': [ '2.1.6' ],
65 silly audit   '@eslint/plugin-kit': [ '0.2.7' ],
65 silly audit   '@humanfs/core': [ '0.19.1' ],
65 silly audit   '@humanfs/node': [ '0.16.6' ],
65 silly audit   '@humanwhocodes/retry': [ '0.3.1', '0.4.2' ],
65 silly audit   '@humanwhocodes/module-importer': [ '1.0.1' ],
65 silly audit   '@jridgewell/gen-mapping': [ '0.3.8' ],
65 silly audit   '@jridgewell/resolve-uri': [ '3.1.2' ],
65 silly audit   '@jridgewell/set-array': [ '1.2.1' ],
65 silly audit   '@jridgewell/sourcemap-codec': [ '1.5.0' ],
65 silly audit   '@jridgewell/trace-mapping': [ '0.3.25' ],
65 silly audit   '@rollup/rollup-android-arm-eabi': [ '4.37.0' ],
65 silly audit   '@rollup/rollup-android-arm64': [ '4.37.0' ],
65 silly audit   '@rollup/rollup-darwin-arm64': [ '4.37.0' ],
65 silly audit   '@rollup/rollup-darwin-x64': [ '4.37.0' ],
65 silly audit   '@rollup/rollup-freebsd-arm64': [ '4.37.0' ],
65 silly audit   '@rollup/rollup-freebsd-x64': [ '4.37.0' ],
65 silly audit   '@rollup/rollup-linux-arm-gnueabihf': [ '4.37.0' ],
65 silly audit   '@rollup/rollup-linux-arm-musleabihf': [ '4.37.0' ],
65 silly audit   '@rollup/rollup-linux-arm64-gnu': [ '4.37.0' ],
65 silly audit   '@rollup/rollup-linux-arm64-musl': [ '4.37.0' ],
65 silly audit   '@rollup/rollup-linux-loongarch64-gnu': [ '4.37.0' ],
65 silly audit   '@rollup/rollup-linux-powerpc64le-gnu': [ '4.37.0' ],
65 silly audit   '@rollup/rollup-linux-riscv64-gnu': [ '4.37.0' ],
65 silly audit   '@rollup/rollup-linux-riscv64-musl': [ '4.37.0' ],
65 silly audit   '@rollup/rollup-linux-s390x-gnu': [ '4.37.0' ],
65 silly audit   '@rollup/rollup-linux-x64-gnu': [ '4.37.0' ],
65 silly audit   '@rollup/rollup-linux-x64-musl': [ '4.37.0' ],
65 silly audit   '@rollup/rollup-win32-arm64-msvc': [ '4.37.0' ],
65 silly audit   '@rollup/rollup-win32-ia32-msvc': [ '4.37.0' ],
65 silly audit   '@rollup/rollup-win32-x64-msvc': [ '4.37.0' ],
65 silly audit   '@socket.io/component-emitter': [ '3.1.2' ],
65 silly audit   '@tailwindcss/node': [ '4.0.16' ],
65 silly audit   tailwindcss: [ '4.0.16', '4.0.17' ],
65 silly audit   '@tailwindcss/oxide': [ '4.0.16' ],
65 silly audit   '@tailwindcss/oxide-android-arm64': [ '4.0.16' ],
65 silly audit   '@tailwindcss/oxide-darwin-arm64': [ '4.0.16' ],
65 silly audit   '@tailwindcss/oxide-darwin-x64': [ '4.0.16' ],
65 silly audit   '@tailwindcss/oxide-freebsd-x64': [ '4.0.16' ],
65 silly audit   '@tailwindcss/oxide-linux-arm-gnueabihf': [ '4.0.16' ],
65 silly audit   '@tailwindcss/oxide-linux-arm64-gnu': [ '4.0.16' ],
65 silly audit   '@tailwindcss/oxide-linux-arm64-musl': [ '4.0.16' ],
65 silly audit   '@tailwindcss/oxide-linux-x64-gnu': [ '4.0.16' ],
65 silly audit   '@tailwindcss/oxide-linux-x64-musl': [ '4.0.16' ],
65 silly audit   '@tailwindcss/oxide-win32-arm64-msvc': [ '4.0.16' ],
65 silly audit   '@tailwindcss/oxide-win32-x64-msvc': [ '4.0.16' ],
65 silly audit   '@tailwindcss/vite': [ '4.0.16' ],
65 silly audit   '@types/babel__core': [ '7.20.5' ],
65 silly audit   '@types/babel__generator': [ '7.6.8' ],
65 silly audit   '@types/babel__template': [ '7.4.4' ],
65 silly audit   '@types/babel__traverse': [ '7.20.7' ],
65 silly audit   '@types/cookie': [ '0.6.0' ],
65 silly audit   '@types/d3-array': [ '3.2.1' ],
65 silly audit   '@types/d3-color': [ '3.1.3' ],
65 silly audit   '@types/d3-ease': [ '3.0.2' ],
65 silly audit   '@types/d3-interpolate': [ '3.0.4' ],
65 silly audit   '@types/d3-path': [ '3.1.1' ],
65 silly audit   '@types/d3-scale': [ '4.0.9' ],
65 silly audit   '@types/d3-shape': [ '3.1.7' ],
65 silly audit   '@types/d3-time': [ '3.0.4' ],
65 silly audit   '@types/d3-timer': [ '3.0.2' ],
65 silly audit   '@types/estree': [ '1.0.7', '1.0.6' ],
65 silly audit   '@types/json-schema': [ '7.0.15' ],
65 silly audit   '@types/react': [ '19.0.12' ],
65 silly audit   '@types/react-dom': [ '19.0.4' ],
65 silly audit   '@vitejs/plugin-react': [ '4.3.4' ],
65 silly audit   acorn: [ '8.14.1' ],
65 silly audit   'acorn-jsx': [ '5.3.2' ],
65 silly audit   ajv: [ '6.12.6' ],
65 silly audit   'ansi-styles': [ '4.3.0' ],
65 silly audit   argparse: [ '2.0.1' ],
65 silly audit   asynckit: [ '0.4.0' ],
65 silly audit   axios: [ '1.8.4' ],
65 silly audit   'balanced-match': [ '1.0.2' ],
65 silly audit   'brace-expansion': [ '1.1.11' ],
65 silly audit   browserslist: [ '4.24.4' ],
65 silly audit   'call-bind-apply-helpers': [ '1.0.2' ],
65 silly audit   callsites: [ '3.1.0' ],
65 silly audit   'caniuse-lite': [ '1.0.30001707' ],
65 silly audit   chalk: [ '4.1.2' ],
65 silly audit   clsx: [ '2.1.1' ],
65 silly audit   'color-convert': [ '2.0.1' ],
65 silly audit   'color-name': [ '1.1.4' ],
65 silly audit   'combined-stream': [ '1.0.8' ],
65 silly audit   'concat-map': [ '0.0.1' ],
65 silly audit   'convert-source-map': [ '2.0.0' ],
65 silly audit   cookie: [ '1.0.2' ],
65 silly audit   'cross-spawn': [ '7.0.6' ],
65 silly audit   csstype: [ '3.1.3' ],
65 silly audit   'd3-array': [ '3.2.4' ],
65 silly audit   'd3-color': [ '3.1.0' ],
65 silly audit   'd3-ease': [ '3.0.1' ],
65 silly audit   'd3-format': [ '3.1.0' ],
65 silly audit   'd3-interpolate': [ '3.0.1' ],
65 silly audit   'd3-path': [ '3.1.0' ],
65 silly audit   'd3-scale': [ '4.0.2' ],
65 silly audit   'd3-shape': [ '3.2.0' ],
65 silly audit   'd3-time': [ '3.1.0' ],
65 silly audit   'd3-time-format': [ '4.1.0' ],
65 silly audit   'd3-timer': [ '3.0.1' ],
65 silly audit   debug: [ '4.4.0', '4.3.7' ],
65 silly audit   'decimal.js-light': [ '2.5.1' ],
65 silly audit   'deep-is': [ '0.1.4' ],
65 silly audit   'delayed-stream': [ '1.0.0' ],
65 silly audit   'detect-libc': [ '2.0.3' ],
65 silly audit   'dom-helpers': [ '5.2.1' ],
65 silly audit   'dunder-proto': [ '1.0.1' ],
65 silly audit   'electron-to-chromium': [ '1.5.124' ],
65 silly audit   'engine.io-client': [ '6.6.3' ],
65 silly audit   'engine.io-parser': [ '5.2.3' ],
65 silly audit   'enhanced-resolve': [ '5.18.1' ],
65 silly audit   'es-define-property': [ '1.0.1' ],
65 silly audit   'es-errors': [ '1.3.0' ],
65 silly audit   'es-object-atoms': [ '1.1.1' ],
65 silly audit   'es-set-tostringtag': [ '2.1.0' ],
65 silly audit   esbuild: [ '0.25.1' ],
65 silly audit   escalade: [ '3.2.0' ],
65 silly audit   'escape-string-regexp': [ '4.0.0' ],
65 silly audit   eslint: [ '9.23.0' ],
65 silly audit   'eslint-plugin-react-hooks': [ '5.2.0' ],
65 silly audit   'eslint-plugin-react-refresh': [ '0.4.19' ],
65 silly audit   'eslint-scope': [ '8.3.0' ],
65 silly audit   espree: [ '10.3.0' ],
65 silly audit   esquery: [ '1.6.0' ],
65 silly audit   esrecurse: [ '4.3.0' ],
65 silly audit   estraverse: [ '5.3.0' ],
65 silly audit   esutils: [ '2.0.3' ],
65 silly audit   eventemitter3: [ '4.0.7' ],
65 silly audit   'fast-deep-equal': [ '3.1.3' ],
65 silly audit   'fast-equals': [ '5.2.2' ],
65 silly audit   'fast-json-stable-stringify': [ '2.1.0' ],
65 silly audit   'fast-levenshtein': [ '2.0.6' ],
65 silly audit   fdir: [ '6.4.4' ],
65 silly audit   'file-entry-cache': [ '8.0.0' ],
65 silly audit   'find-up': [ '5.0.0' ],
65 silly audit   'flat-cache': [ '4.0.1' ],
65 silly audit   flatted: [ '3.3.3' ],
65 silly audit   'follow-redirects': [ '1.15.9' ],
65 silly audit   'form-data': [ '4.0.2' ],
65 silly audit   fsevents: [ '2.3.3' ],
65 silly audit   'function-bind': [ '1.1.2' ],
65 silly audit   gensync: [ '1.0.0-beta.2' ],
65 silly audit   'get-intrinsic': [ '1.3.0' ],
65 silly audit   'get-proto': [ '1.0.1' ],
65 silly audit   'glob-parent': [ '6.0.2' ],
65 silly audit   goober: [ '2.1.16' ],
65 silly audit   gopd: [ '1.2.0' ],
65 silly audit   'graceful-fs': [ '4.2.11' ],
65 silly audit   'has-flag': [ '4.0.0' ],
65 silly audit   'has-symbols': [ '1.1.0' ],
65 silly audit   'has-tostringtag': [ '1.0.2' ],
65 silly audit   hasown: [ '2.0.2' ],
65 silly audit   ignore: [ '5.3.2' ],
65 silly audit   'import-fresh': [ '3.3.1' ],
65 silly audit   imurmurhash: [ '0.1.4' ],
65 silly audit   internmap: [ '2.0.3' ],
65 silly audit   'is-extglob': [ '2.1.1' ],
65 silly audit   'is-glob': [ '4.0.3' ],
65 silly audit   isexe: [ '2.0.0' ],
65 silly audit   jiti: [ '2.4.2' ],
65 silly audit   'js-tokens': [ '4.0.0' ],
65 silly audit   'js-yaml': [ '4.1.0' ],
65 silly audit   jsesc: [ '3.1.0' ],
65 silly audit   'json-buffer': [ '3.0.1' ],
65 silly audit   'json-schema-traverse': [ '0.4.1' ],
65 silly audit   'json-stable-stringify-without-jsonify': [ '1.0.1' ],
65 silly audit   json5: [ '2.2.3' ],
65 silly audit   keyv: [ '4.5.4' ],
65 silly audit   levn: [ '0.4.1' ],
65 silly audit   lightningcss: [ '1.29.2' ],
65 silly audit   'lightningcss-darwin-arm64': [ '1.29.2' ],
65 silly audit   'lightningcss-darwin-x64': [ '1.29.2' ],
65 silly audit   'lightningcss-freebsd-x64': [ '1.29.2' ],
65 silly audit   'lightningcss-linux-arm-gnueabihf': [ '1.29.2' ],
65 silly audit   'lightningcss-linux-arm64-gnu': [ '1.29.2' ],
65 silly audit   'lightningcss-linux-arm64-musl': [ '1.29.2' ],
65 silly audit   'lightningcss-linux-x64-gnu': [ '1.29.2' ],
65 silly audit   'lightningcss-linux-x64-musl': [ '1.29.2' ],
65 silly audit   'lightningcss-win32-arm64-msvc': [ '1.29.2' ],
65 silly audit   'lightningcss-win32-x64-msvc': [ '1.29.2' ],
65 silly audit   'locate-path': [ '6.0.0' ],
65 silly audit   lodash: [ '4.17.21' ],
65 silly audit   'lodash.merge': [ '4.6.2' ],
65 silly audit   'loose-envify': [ '1.4.0' ],
65 silly audit   'lru-cache': [ '5.1.1' ],
65 silly audit   'math-intrinsics': [ '1.1.0' ],
65 silly audit   'mime-db': [ '1.52.0' ],
65 silly audit   'mime-types': [ '2.1.35' ],
65 silly audit   minimatch: [ '3.1.2' ],
65 silly audit   ms: [ '2.1.3' ],
65 silly audit   nanoid: [ '3.3.11' ],
65 silly audit   'natural-compare': [ '1.4.0' ],
65 silly audit   'node-releases': [ '2.0.19' ],
65 silly audit   'object-assign': [ '4.1.1' ],
65 silly audit   optionator: [ '0.9.4' ],
65 silly audit   'p-limit': [ '3.1.0' ],
65 silly audit   'p-locate': [ '5.0.0' ],
65 silly audit   'parent-module': [ '1.0.1' ],
65 silly audit   'path-exists': [ '4.0.0' ],
65 silly audit   'path-key': [ '3.1.1' ],
65 silly audit   picocolors: [ '1.1.1' ],
65 silly audit   picomatch: [ '4.0.2' ],
65 silly audit   postcss: [ '8.5.3' ],
65 silly audit   'prelude-ls': [ '1.2.1' ],
65 silly audit   'prop-types': [ '15.8.1' ],
65 silly audit   'react-is': [ '16.13.1', '18.3.1' ],
65 silly audit   'proxy-from-env': [ '1.1.0' ],
65 silly audit   punycode: [ '2.3.1' ],
65 silly audit   react: [ '19.0.0' ],
65 silly audit   'react-dom': [ '19.0.0' ],
65 silly audit   'react-hot-toast': [ '2.5.2' ],
65 silly audit   'react-refresh': [ '0.14.2' ],
65 silly audit   'react-router': [ '7.4.0' ],
65 silly audit   'react-router-dom': [ '7.4.0' ],
65 silly audit   'react-smooth': [ '4.0.4' ],
65 silly audit   'react-transition-group': [ '4.4.5' ],
65 silly audit   recharts: [ '2.15.3' ],
65 silly audit   'recharts-scale': [ '0.4.5' ],
65 silly audit   'resolve-from': [ '4.0.0' ],
65 silly audit   rollup: [ '4.37.0' ],
65 silly audit   scheduler: [ '0.25.0' ],
65 silly audit   semver: [ '6.3.1' ],
65 silly audit   'set-cookie-parser': [ '2.7.1' ],
65 silly audit   'shebang-command': [ '2.0.0' ],
65 silly audit   'shebang-regex': [ '3.0.0' ],
65 silly audit   'socket.io-client': [ '4.8.1' ],
65 silly audit   'socket.io-parser': [ '4.2.4' ],
65 silly audit   'source-map-js': [ '1.2.1' ],
65 silly audit   'strip-json-comments': [ '3.1.1' ],
65 silly audit   'supports-color': [ '7.2.0' ],
65 silly audit   tapable: [ '2.2.1' ],
65 silly audit   'tiny-invariant': [ '1.3.3' ],
65 silly audit   tinyglobby: [ '0.2.13' ],
65 silly audit   'turbo-stream': [ '2.4.0' ],
65 silly audit   'type-check': [ '0.4.0' ],
65 silly audit   'update-browserslist-db': [ '1.1.3' ],
65 silly audit   'uri-js': [ '4.4.1' ],
65 silly audit   'victory-vendor': [ '36.9.2' ],
65 silly audit   vite: [ '6.3.5' ],
65 silly audit   which: [ '2.0.2' ],
65 silly audit   'word-wrap': [ '1.2.5' ],
65 silly audit   ws: [ '8.17.1' ],
65 silly audit   'xmlhttprequest-ssl': [ '2.1.2' ],
65 silly audit   yallist: [ '3.1.1' ],
65 silly audit   'yocto-queue': [ '0.1.0' ]
65 silly audit }
66 verbose reify failed optional dependency C:\Users\MOHAMMAD AZHAR\OneDrive\Desktop\Grocify - Major project\client\node_modules\lightningcss-win32-arm64-msvc
67 silly reify mark deleted [
67 silly reify   'C:\\Users\\MOHAMMAD AZHAR\\OneDrive\\Desktop\\Grocify - Major project\\client\\node_modules\\lightningcss-win32-arm64-msvc'
67 silly reify ]
68 verbose reify failed optional dependency C:\Users\MOHAMMAD AZHAR\OneDrive\Desktop\Grocify - Major project\client\node_modules\lightningcss-linux-x64-musl
69 silly reify mark deleted [
69 silly reify   'C:\\Users\\MOHAMMAD AZHAR\\OneDrive\\Desktop\\Grocify - Major project\\client\\node_modules\\lightningcss-linux-x64-musl'
69 silly reify ]
70 verbose reify failed optional dependency C:\Users\MOHAMMAD AZHAR\OneDrive\Desktop\Grocify - Major project\client\node_modules\lightningcss-linux-x64-gnu
71 silly reify mark deleted [
71 silly reify   'C:\\Users\\MOHAMMAD AZHAR\\OneDrive\\Desktop\\Grocify - Major project\\client\\node_modules\\lightningcss-linux-x64-gnu'
71 silly reify ]
72 verbose reify failed optional dependency C:\Users\MOHAMMAD AZHAR\OneDrive\Desktop\Grocify - Major project\client\node_modules\lightningcss-linux-arm64-musl
73 silly reify mark deleted [
73 silly reify   'C:\\Users\\MOHAMMAD AZHAR\\OneDrive\\Desktop\\Grocify - Major project\\client\\node_modules\\lightningcss-linux-arm64-musl'
73 silly reify ]
74 verbose reify failed optional dependency C:\Users\MOHAMMAD AZHAR\OneDrive\Desktop\Grocify - Major project\client\node_modules\lightningcss-linux-arm64-gnu
75 silly reify mark deleted [
75 silly reify   'C:\\Users\\MOHAMMAD AZHAR\\OneDrive\\Desktop\\Grocify - Major project\\client\\node_modules\\lightningcss-linux-arm64-gnu'
75 silly reify ]
76 verbose reify failed optional dependency C:\Users\MOHAMMAD AZHAR\OneDrive\Desktop\Grocify - Major project\client\node_modules\lightningcss-linux-arm-gnueabihf
77 silly reify mark deleted [
77 silly reify   'C:\\Users\\MOHAMMAD AZHAR\\OneDrive\\Desktop\\Grocify - Major project\\client\\node_modules\\lightningcss-linux-arm-gnueabihf'
77 silly reify ]
78 verbose reify failed optional dependency C:\Users\MOHAMMAD AZHAR\OneDrive\Desktop\Grocify - Major project\client\node_modules\lightningcss-freebsd-x64
79 silly reify mark deleted [
79 silly reify   'C:\\Users\\MOHAMMAD AZHAR\\OneDrive\\Desktop\\Grocify - Major project\\client\\node_modules\\lightningcss-freebsd-x64'
79 silly reify ]
80 verbose reify failed optional dependency C:\Users\MOHAMMAD AZHAR\OneDrive\Desktop\Grocify - Major project\client\node_modules\lightningcss-darwin-x64
81 silly reify mark deleted [
81 silly reify   'C:\\Users\\MOHAMMAD AZHAR\\OneDrive\\Desktop\\Grocify - Major project\\client\\node_modules\\lightningcss-darwin-x64'
81 silly reify ]
82 verbose reify failed optional dependency C:\Users\MOHAMMAD AZHAR\OneDrive\Desktop\Grocify - Major project\client\node_modules\lightningcss-darwin-arm64
83 silly reify mark deleted [
83 silly reify   'C:\\Users\\MOHAMMAD AZHAR\\OneDrive\\Desktop\\Grocify - Major project\\client\\node_modules\\lightningcss-darwin-arm64'
83 silly reify ]
84 verbose reify failed optional dependency C:\Users\MOHAMMAD AZHAR\OneDrive\Desktop\Grocify - Major project\client\node_modules\fsevents
85 silly reify mark deleted [
85 silly reify   'C:\\Users\\MOHAMMAD AZHAR\\OneDrive\\Desktop\\Grocify - Major project\\client\\node_modules\\fsevents'
85 silly reify ]
86 verbose reify failed optional dependency C:\Users\MOHAMMAD AZHAR\OneDrive\Desktop\Grocify - Major project\client\node_modules\@tailwindcss\oxide-win32-arm64-msvc
87 silly reify mark deleted [
87 silly reify   'C:\\Users\\MOHAMMAD AZHAR\\OneDrive\\Desktop\\Grocify - Major project\\client\\node_modules\\@tailwindcss\\oxide-win32-arm64-msvc'
87 silly reify ]
88 verbose reify failed optional dependency C:\Users\MOHAMMAD AZHAR\OneDrive\Desktop\Grocify - Major project\client\node_modules\@tailwindcss\oxide-linux-x64-musl
89 silly reify mark deleted [
89 silly reify   'C:\\Users\\MOHAMMAD AZHAR\\OneDrive\\Desktop\\Grocify - Major project\\client\\node_modules\\@tailwindcss\\oxide-linux-x64-musl'
89 silly reify ]
90 verbose reify failed optional dependency C:\Users\MOHAMMAD AZHAR\OneDrive\Desktop\Grocify - Major project\client\node_modules\@tailwindcss\oxide-linux-x64-gnu
91 silly reify mark deleted [
91 silly reify   'C:\\Users\\MOHAMMAD AZHAR\\OneDrive\\Desktop\\Grocify - Major project\\client\\node_modules\\@tailwindcss\\oxide-linux-x64-gnu'
91 silly reify ]
92 verbose reify failed optional dependency C:\Users\MOHAMMAD AZHAR\OneDrive\Desktop\Grocify - Major project\client\node_modules\@tailwindcss\oxide-linux-arm64-musl
93 silly reify mark deleted [
93 silly reify   'C:\\Users\\MOHAMMAD AZHAR\\OneDrive\\Desktop\\Grocify - Major project\\client\\node_modules\\@tailwindcss\\oxide-linux-arm64-musl'
93 silly reify ]
94 verbose reify failed optional dependency C:\Users\MOHAMMAD AZHAR\OneDrive\Desktop\Grocify - Major project\client\node_modules\@tailwindcss\oxide-linux-arm64-gnu
95 silly reify mark deleted [
95 silly reify   'C:\\Users\\MOHAMMAD AZHAR\\OneDrive\\Desktop\\Grocify - Major project\\client\\node_modules\\@tailwindcss\\oxide-linux-arm64-gnu'
95 silly reify ]
96 verbose reify failed optional dependency C:\Users\MOHAMMAD AZHAR\OneDrive\Desktop\Grocify - Major project\client\node_modules\@tailwindcss\oxide-linux-arm-gnueabihf
97 silly reify mark deleted [
97 silly reify   'C:\\Users\\MOHAMMAD AZHAR\\OneDrive\\Desktop\\Grocify - Major project\\client\\node_modules\\@tailwindcss\\oxide-linux-arm-gnueabihf'
97 silly reify ]
98 verbose reify failed optional dependency C:\Users\MOHAMMAD AZHAR\OneDrive\Desktop\Grocify - Major project\client\node_modules\@tailwindcss\oxide-freebsd-x64
99 silly reify mark deleted [
99 silly reify   'C:\\Users\\MOHAMMAD AZHAR\\OneDrive\\Desktop\\Grocify - Major project\\client\\node_modules\\@tailwindcss\\oxide-freebsd-x64'
99 silly reify ]
100 verbose reify failed optional dependency C:\Users\MOHAMMAD AZHAR\OneDrive\Desktop\Grocify - Major project\client\node_modules\@tailwindcss\oxide-darwin-x64
101 silly reify mark deleted [
101 silly reify   'C:\\Users\\MOHAMMAD AZHAR\\OneDrive\\Desktop\\Grocify - Major project\\client\\node_modules\\@tailwindcss\\oxide-darwin-x64'
101 silly reify ]
102 verbose reify failed optional dependency C:\Users\MOHAMMAD AZHAR\OneDrive\Desktop\Grocify - Major project\client\node_modules\@tailwindcss\oxide-darwin-arm64
103 silly reify mark deleted [
103 silly reify   'C:\\Users\\MOHAMMAD AZHAR\\OneDrive\\Desktop\\Grocify - Major project\\client\\node_modules\\@tailwindcss\\oxide-darwin-arm64'
103 silly reify ]
104 verbose reify failed optional dependency C:\Users\MOHAMMAD AZHAR\OneDrive\Desktop\Grocify - Major project\client\node_modules\@tailwindcss\oxide-android-arm64
105 silly reify mark deleted [
105 silly reify   'C:\\Users\\MOHAMMAD AZHAR\\OneDrive\\Desktop\\Grocify - Major project\\client\\node_modules\\@tailwindcss\\oxide-android-arm64'
105 silly reify ]
106 verbose reify failed optional dependency C:\Users\MOHAMMAD AZHAR\OneDrive\Desktop\Grocify - Major project\client\node_modules\@rollup\rollup-win32-ia32-msvc
107 silly reify mark deleted [
107 silly reify   'C:\\Users\\MOHAMMAD AZHAR\\OneDrive\\Desktop\\Grocify - Major project\\client\\node_modules\\@rollup\\rollup-win32-ia32-msvc'
107 silly reify ]
108 verbose reify failed optional dependency C:\Users\MOHAMMAD AZHAR\OneDrive\Desktop\Grocify - Major project\client\node_modules\@rollup\rollup-win32-arm64-msvc
109 silly reify mark deleted [
109 silly reify   'C:\\Users\\MOHAMMAD AZHAR\\OneDrive\\Desktop\\Grocify - Major project\\client\\node_modules\\@rollup\\rollup-win32-arm64-msvc'
109 silly reify ]
110 verbose reify failed optional dependency C:\Users\MOHAMMAD AZHAR\OneDrive\Desktop\Grocify - Major project\client\node_modules\@rollup\rollup-linux-x64-musl
111 silly reify mark deleted [
111 silly reify   'C:\\Users\\MOHAMMAD AZHAR\\OneDrive\\Desktop\\Grocify - Major project\\client\\node_modules\\@rollup\\rollup-linux-x64-musl'
111 silly reify ]
112 verbose reify failed optional dependency C:\Users\MOHAMMAD AZHAR\OneDrive\Desktop\Grocify - Major project\client\node_modules\@rollup\rollup-linux-x64-gnu
113 silly reify mark deleted [
113 silly reify   'C:\\Users\\MOHAMMAD AZHAR\\OneDrive\\Desktop\\Grocify - Major project\\client\\node_modules\\@rollup\\rollup-linux-x64-gnu'
113 silly reify ]
114 verbose reify failed optional dependency C:\Users\MOHAMMAD AZHAR\OneDrive\Desktop\Grocify - Major project\client\node_modules\@rollup\rollup-linux-s390x-gnu
115 silly reify mark deleted [
115 silly reify   'C:\\Users\\MOHAMMAD AZHAR\\OneDrive\\Desktop\\Grocify - Major project\\client\\node_modules\\@rollup\\rollup-linux-s390x-gnu'
115 silly reify ]
116 verbose reify failed optional dependency C:\Users\MOHAMMAD AZHAR\OneDrive\Desktop\Grocify - Major project\client\node_modules\@rollup\rollup-linux-riscv64-musl
117 silly reify mark deleted [
117 silly reify   'C:\\Users\\MOHAMMAD AZHAR\\OneDrive\\Desktop\\Grocify - Major project\\client\\node_modules\\@rollup\\rollup-linux-riscv64-musl'
117 silly reify ]
118 verbose reify failed optional dependency C:\Users\MOHAMMAD AZHAR\OneDrive\Desktop\Grocify - Major project\client\node_modules\@rollup\rollup-linux-riscv64-gnu
119 silly reify mark deleted [
119 silly reify   'C:\\Users\\MOHAMMAD AZHAR\\OneDrive\\Desktop\\Grocify - Major project\\client\\node_modules\\@rollup\\rollup-linux-riscv64-gnu'
119 silly reify ]
120 verbose reify failed optional dependency C:\Users\MOHAMMAD AZHAR\OneDrive\Desktop\Grocify - Major project\client\node_modules\@rollup\rollup-linux-powerpc64le-gnu
121 silly reify mark deleted [
121 silly reify   'C:\\Users\\MOHAMMAD AZHAR\\OneDrive\\Desktop\\Grocify - Major project\\client\\node_modules\\@rollup\\rollup-linux-powerpc64le-gnu'
121 silly reify ]
122 verbose reify failed optional dependency C:\Users\MOHAMMAD AZHAR\OneDrive\Desktop\Grocify - Major project\client\node_modules\@rollup\rollup-linux-loongarch64-gnu
123 silly reify mark deleted [
123 silly reify   'C:\\Users\\MOHAMMAD AZHAR\\OneDrive\\Desktop\\Grocify - Major project\\client\\node_modules\\@rollup\\rollup-linux-loongarch64-gnu'
123 silly reify ]
124 verbose reify failed optional dependency C:\Users\MOHAMMAD AZHAR\OneDrive\Desktop\Grocify - Major project\client\node_modules\@rollup\rollup-linux-arm64-musl
125 silly reify mark deleted [
125 silly reify   'C:\\Users\\MOHAMMAD AZHAR\\OneDrive\\Desktop\\Grocify - Major project\\client\\node_modules\\@rollup\\rollup-linux-arm64-musl'
125 silly reify ]
126 verbose reify failed optional dependency C:\Users\MOHAMMAD AZHAR\OneDrive\Desktop\Grocify - Major project\client\node_modules\@rollup\rollup-linux-arm64-gnu
127 silly reify mark deleted [
127 silly reify   'C:\\Users\\MOHAMMAD AZHAR\\OneDrive\\Desktop\\Grocify - Major project\\client\\node_modules\\@rollup\\rollup-linux-arm64-gnu'
127 silly reify ]
128 verbose reify failed optional dependency C:\Users\MOHAMMAD AZHAR\OneDrive\Desktop\Grocify - Major project\client\node_modules\@rollup\rollup-linux-arm-musleabihf
129 silly reify mark deleted [
129 silly reify   'C:\\Users\\MOHAMMAD AZHAR\\OneDrive\\Desktop\\Grocify - Major project\\client\\node_modules\\@rollup\\rollup-linux-arm-musleabihf'
129 silly reify ]
130 verbose reify failed optional dependency C:\Users\MOHAMMAD AZHAR\OneDrive\Desktop\Grocify - Major project\client\node_modules\@rollup\rollup-linux-arm-gnueabihf
131 silly reify mark deleted [
131 silly reify   'C:\\Users\\MOHAMMAD AZHAR\\OneDrive\\Desktop\\Grocify - Major project\\client\\node_modules\\@rollup\\rollup-linux-arm-gnueabihf'
131 silly reify ]
132 verbose reify failed optional dependency C:\Users\MOHAMMAD AZHAR\OneDrive\Desktop\Grocify - Major project\client\node_modules\@rollup\rollup-freebsd-x64
133 silly reify mark deleted [
133 silly reify   'C:\\Users\\MOHAMMAD AZHAR\\OneDrive\\Desktop\\Grocify - Major project\\client\\node_modules\\@rollup\\rollup-freebsd-x64'
133 silly reify ]
134 verbose reify failed optional dependency C:\Users\MOHAMMAD AZHAR\OneDrive\Desktop\Grocify - Major project\client\node_modules\@rollup\rollup-freebsd-arm64
135 silly reify mark deleted [
135 silly reify   'C:\\Users\\MOHAMMAD AZHAR\\OneDrive\\Desktop\\Grocify - Major project\\client\\node_modules\\@rollup\\rollup-freebsd-arm64'
135 silly reify ]
136 verbose reify failed optional dependency C:\Users\MOHAMMAD AZHAR\OneDrive\Desktop\Grocify - Major project\client\node_modules\@rollup\rollup-darwin-x64
137 silly reify mark deleted [
137 silly reify   'C:\\Users\\MOHAMMAD AZHAR\\OneDrive\\Desktop\\Grocify - Major project\\client\\node_modules\\@rollup\\rollup-darwin-x64'
137 silly reify ]
138 verbose reify failed optional dependency C:\Users\MOHAMMAD AZHAR\OneDrive\Desktop\Grocify - Major project\client\node_modules\@rollup\rollup-darwin-arm64
139 silly reify mark deleted [
139 silly reify   'C:\\Users\\MOHAMMAD AZHAR\\OneDrive\\Desktop\\Grocify - Major project\\client\\node_modules\\@rollup\\rollup-darwin-arm64'
139 silly reify ]
140 verbose reify failed optional dependency C:\Users\MOHAMMAD AZHAR\OneDrive\Desktop\Grocify - Major project\client\node_modules\@rollup\rollup-android-arm64
141 silly reify mark deleted [
141 silly reify   'C:\\Users\\MOHAMMAD AZHAR\\OneDrive\\Desktop\\Grocify - Major project\\client\\node_modules\\@rollup\\rollup-android-arm64'
141 silly reify ]
142 verbose reify failed optional dependency C:\Users\MOHAMMAD AZHAR\OneDrive\Desktop\Grocify - Major project\client\node_modules\@rollup\rollup-android-arm-eabi
143 silly reify mark deleted [
143 silly reify   'C:\\Users\\MOHAMMAD AZHAR\\OneDrive\\Desktop\\Grocify - Major project\\client\\node_modules\\@rollup\\rollup-android-arm-eabi'
143 silly reify ]
144 verbose reify failed optional dependency C:\Users\MOHAMMAD AZHAR\OneDrive\Desktop\Grocify - Major project\client\node_modules\@esbuild\win32-ia32
145 silly reify mark deleted [
145 silly reify   'C:\\Users\\MOHAMMAD AZHAR\\OneDrive\\Desktop\\Grocify - Major project\\client\\node_modules\\@esbuild\\win32-ia32'
145 silly reify ]
146 verbose reify failed optional dependency C:\Users\MOHAMMAD AZHAR\OneDrive\Desktop\Grocify - Major project\client\node_modules\@esbuild\win32-arm64
147 silly reify mark deleted [
147 silly reify   'C:\\Users\\MOHAMMAD AZHAR\\OneDrive\\Desktop\\Grocify - Major project\\client\\node_modules\\@esbuild\\win32-arm64'
147 silly reify ]
148 verbose reify failed optional dependency C:\Users\MOHAMMAD AZHAR\OneDrive\Desktop\Grocify - Major project\client\node_modules\@esbuild\sunos-x64
149 silly reify mark deleted [
149 silly reify   'C:\\Users\\MOHAMMAD AZHAR\\OneDrive\\Desktop\\Grocify - Major project\\client\\node_modules\\@esbuild\\sunos-x64'
149 silly reify ]
150 verbose reify failed optional dependency C:\Users\MOHAMMAD AZHAR\OneDrive\Desktop\Grocify - Major project\client\node_modules\@esbuild\openbsd-x64
151 silly reify mark deleted [
151 silly reify   'C:\\Users\\MOHAMMAD AZHAR\\OneDrive\\Desktop\\Grocify - Major project\\client\\node_modules\\@esbuild\\openbsd-x64'
151 silly reify ]
152 verbose reify failed optional dependency C:\Users\MOHAMMAD AZHAR\OneDrive\Desktop\Grocify - Major project\client\node_modules\@esbuild\openbsd-arm64
153 silly reify mark deleted [
153 silly reify   'C:\\Users\\MOHAMMAD AZHAR\\OneDrive\\Desktop\\Grocify - Major project\\client\\node_modules\\@esbuild\\openbsd-arm64'
153 silly reify ]
154 verbose reify failed optional dependency C:\Users\MOHAMMAD AZHAR\OneDrive\Desktop\Grocify - Major project\client\node_modules\@esbuild\netbsd-x64
155 silly reify mark deleted [
155 silly reify   'C:\\Users\\MOHAMMAD AZHAR\\OneDrive\\Desktop\\Grocify - Major project\\client\\node_modules\\@esbuild\\netbsd-x64'
155 silly reify ]
156 verbose reify failed optional dependency C:\Users\MOHAMMAD AZHAR\OneDrive\Desktop\Grocify - Major project\client\node_modules\@esbuild\netbsd-arm64
157 silly reify mark deleted [
157 silly reify   'C:\\Users\\MOHAMMAD AZHAR\\OneDrive\\Desktop\\Grocify - Major project\\client\\node_modules\\@esbuild\\netbsd-arm64'
157 silly reify ]
158 verbose reify failed optional dependency C:\Users\MOHAMMAD AZHAR\OneDrive\Desktop\Grocify - Major project\client\node_modules\@esbuild\linux-x64
159 silly reify mark deleted [
159 silly reify   'C:\\Users\\MOHAMMAD AZHAR\\OneDrive\\Desktop\\Grocify - Major project\\client\\node_modules\\@esbuild\\linux-x64'
159 silly reify ]
160 verbose reify failed optional dependency C:\Users\MOHAMMAD AZHAR\OneDrive\Desktop\Grocify - Major project\client\node_modules\@esbuild\linux-s390x
161 silly reify mark deleted [
161 silly reify   'C:\\Users\\MOHAMMAD AZHAR\\OneDrive\\Desktop\\Grocify - Major project\\client\\node_modules\\@esbuild\\linux-s390x'
161 silly reify ]
162 verbose reify failed optional dependency C:\Users\MOHAMMAD AZHAR\OneDrive\Desktop\Grocify - Major project\client\node_modules\@esbuild\linux-riscv64
163 silly reify mark deleted [
163 silly reify   'C:\\Users\\MOHAMMAD AZHAR\\OneDrive\\Desktop\\Grocify - Major project\\client\\node_modules\\@esbuild\\linux-riscv64'
163 silly reify ]
164 verbose reify failed optional dependency C:\Users\MOHAMMAD AZHAR\OneDrive\Desktop\Grocify - Major project\client\node_modules\@esbuild\linux-ppc64
165 silly reify mark deleted [
165 silly reify   'C:\\Users\\MOHAMMAD AZHAR\\OneDrive\\Desktop\\Grocify - Major project\\client\\node_modules\\@esbuild\\linux-ppc64'
165 silly reify ]
166 verbose reify failed optional dependency C:\Users\MOHAMMAD AZHAR\OneDrive\Desktop\Grocify - Major project\client\node_modules\@esbuild\linux-mips64el
167 silly reify mark deleted [
167 silly reify   'C:\\Users\\MOHAMMAD AZHAR\\OneDrive\\Desktop\\Grocify - Major project\\client\\node_modules\\@esbuild\\linux-mips64el'
167 silly reify ]
168 verbose reify failed optional dependency C:\Users\MOHAMMAD AZHAR\OneDrive\Desktop\Grocify - Major project\client\node_modules\@esbuild\linux-loong64
169 silly reify mark deleted [
169 silly reify   'C:\\Users\\MOHAMMAD AZHAR\\OneDrive\\Desktop\\Grocify - Major project\\client\\node_modules\\@esbuild\\linux-loong64'
169 silly reify ]
170 verbose reify failed optional dependency C:\Users\MOHAMMAD AZHAR\OneDrive\Desktop\Grocify - Major project\client\node_modules\@esbuild\linux-ia32
171 silly reify mark deleted [
171 silly reify   'C:\\Users\\MOHAMMAD AZHAR\\OneDrive\\Desktop\\Grocify - Major project\\client\\node_modules\\@esbuild\\linux-ia32'
171 silly reify ]
172 verbose reify failed optional dependency C:\Users\MOHAMMAD AZHAR\OneDrive\Desktop\Grocify - Major project\client\node_modules\@esbuild\linux-arm64
173 silly reify mark deleted [
173 silly reify   'C:\\Users\\MOHAMMAD AZHAR\\OneDrive\\Desktop\\Grocify - Major project\\client\\node_modules\\@esbuild\\linux-arm64'
173 silly reify ]
174 verbose reify failed optional dependency C:\Users\MOHAMMAD AZHAR\OneDrive\Desktop\Grocify - Major project\client\node_modules\@esbuild\linux-arm
175 silly reify mark deleted [
175 silly reify   'C:\\Users\\MOHAMMAD AZHAR\\OneDrive\\Desktop\\Grocify - Major project\\client\\node_modules\\@esbuild\\linux-arm'
175 silly reify ]
176 verbose reify failed optional dependency C:\Users\MOHAMMAD AZHAR\OneDrive\Desktop\Grocify - Major project\client\node_modules\@esbuild\freebsd-x64
177 silly reify mark deleted [
177 silly reify   'C:\\Users\\MOHAMMAD AZHAR\\OneDrive\\Desktop\\Grocify - Major project\\client\\node_modules\\@esbuild\\freebsd-x64'
177 silly reify ]
178 verbose reify failed optional dependency C:\Users\MOHAMMAD AZHAR\OneDrive\Desktop\Grocify - Major project\client\node_modules\@esbuild\freebsd-arm64
179 silly reify mark deleted [
179 silly reify   'C:\\Users\\MOHAMMAD AZHAR\\OneDrive\\Desktop\\Grocify - Major project\\client\\node_modules\\@esbuild\\freebsd-arm64'
179 silly reify ]
180 verbose reify failed optional dependency C:\Users\MOHAMMAD AZHAR\OneDrive\Desktop\Grocify - Major project\client\node_modules\@esbuild\darwin-x64
181 silly reify mark deleted [
181 silly reify   'C:\\Users\\MOHAMMAD AZHAR\\OneDrive\\Desktop\\Grocify - Major project\\client\\node_modules\\@esbuild\\darwin-x64'
181 silly reify ]
182 verbose reify failed optional dependency C:\Users\MOHAMMAD AZHAR\OneDrive\Desktop\Grocify - Major project\client\node_modules\@esbuild\darwin-arm64
183 silly reify mark deleted [
183 silly reify   'C:\\Users\\MOHAMMAD AZHAR\\OneDrive\\Desktop\\Grocify - Major project\\client\\node_modules\\@esbuild\\darwin-arm64'
183 silly reify ]
184 verbose reify failed optional dependency C:\Users\MOHAMMAD AZHAR\OneDrive\Desktop\Grocify - Major project\client\node_modules\@esbuild\android-x64
185 silly reify mark deleted [
185 silly reify   'C:\\Users\\MOHAMMAD AZHAR\\OneDrive\\Desktop\\Grocify - Major project\\client\\node_modules\\@esbuild\\android-x64'
185 silly reify ]
186 verbose reify failed optional dependency C:\Users\MOHAMMAD AZHAR\OneDrive\Desktop\Grocify - Major project\client\node_modules\@esbuild\android-arm64
187 silly reify mark deleted [
187 silly reify   'C:\\Users\\MOHAMMAD AZHAR\\OneDrive\\Desktop\\Grocify - Major project\\client\\node_modules\\@esbuild\\android-arm64'
187 silly reify ]
188 verbose reify failed optional dependency C:\Users\MOHAMMAD AZHAR\OneDrive\Desktop\Grocify - Major project\client\node_modules\@esbuild\android-arm
189 silly reify mark deleted [
189 silly reify   'C:\\Users\\MOHAMMAD AZHAR\\OneDrive\\Desktop\\Grocify - Major project\\client\\node_modules\\@esbuild\\android-arm'
189 silly reify ]
190 verbose reify failed optional dependency C:\Users\MOHAMMAD AZHAR\OneDrive\Desktop\Grocify - Major project\client\node_modules\@esbuild\aix-ppc64
191 silly reify mark deleted [
191 silly reify   'C:\\Users\\MOHAMMAD AZHAR\\OneDrive\\Desktop\\Grocify - Major project\\client\\node_modules\\@esbuild\\aix-ppc64'
191 silly reify ]
192 timing reifyNode:node_modules/lightningcss-win32-arm64-msvc Completed in 248ms
193 timing reifyNode:node_modules/lightningcss-linux-x64-musl Completed in 249ms
194 timing reifyNode:node_modules/lightningcss-linux-x64-gnu Completed in 249ms
195 timing reifyNode:node_modules/lightningcss-linux-arm64-musl Completed in 249ms
196 timing reifyNode:node_modules/lightningcss-linux-arm64-gnu Completed in 248ms
197 timing reifyNode:node_modules/lightningcss-linux-arm-gnueabihf Completed in 249ms
198 timing reifyNode:node_modules/lightningcss-freebsd-x64 Completed in 249ms
199 timing reifyNode:node_modules/lightningcss-darwin-x64 Completed in 249ms
200 timing reifyNode:node_modules/lightningcss-darwin-arm64 Completed in 249ms
201 timing reifyNode:node_modules/fsevents Completed in 243ms
202 timing reifyNode:node_modules/@tailwindcss/oxide-win32-arm64-msvc Completed in 222ms
203 timing reifyNode:node_modules/@tailwindcss/oxide-linux-x64-musl Completed in 221ms
204 timing reifyNode:node_modules/@tailwindcss/oxide-linux-x64-gnu Completed in 221ms
205 timing reifyNode:node_modules/@tailwindcss/oxide-linux-arm64-musl Completed in 221ms
206 timing reifyNode:node_modules/@tailwindcss/oxide-linux-arm64-gnu Completed in 221ms
207 timing reifyNode:node_modules/@tailwindcss/oxide-linux-arm-gnueabihf Completed in 221ms
208 timing reifyNode:node_modules/@tailwindcss/oxide-freebsd-x64 Completed in 221ms
209 timing reifyNode:node_modules/@tailwindcss/oxide-darwin-x64 Completed in 220ms
210 timing reifyNode:node_modules/@tailwindcss/oxide-darwin-arm64 Completed in 220ms
211 timing reifyNode:node_modules/@tailwindcss/oxide-android-arm64 Completed in 219ms
212 timing reifyNode:node_modules/@rollup/rollup-win32-ia32-msvc Completed in 215ms
213 timing reifyNode:node_modules/@rollup/rollup-win32-arm64-msvc Completed in 215ms
214 timing reifyNode:node_modules/@rollup/rollup-linux-x64-musl Completed in 214ms
215 timing reifyNode:node_modules/@rollup/rollup-linux-x64-gnu Completed in 214ms
216 timing reifyNode:node_modules/@rollup/rollup-linux-s390x-gnu Completed in 214ms
217 timing reifyNode:node_modules/@rollup/rollup-linux-riscv64-musl Completed in 214ms
218 timing reifyNode:node_modules/@rollup/rollup-linux-riscv64-gnu Completed in 213ms
219 timing reifyNode:node_modules/@rollup/rollup-linux-powerpc64le-gnu Completed in 214ms
220 timing reifyNode:node_modules/@rollup/rollup-linux-loongarch64-gnu Completed in 214ms
221 timing reifyNode:node_modules/@rollup/rollup-linux-arm64-musl Completed in 214ms
222 timing reifyNode:node_modules/@rollup/rollup-linux-arm64-gnu Completed in 214ms
223 timing reifyNode:node_modules/@rollup/rollup-linux-arm-musleabihf Completed in 213ms
224 timing reifyNode:node_modules/@rollup/rollup-linux-arm-gnueabihf Completed in 211ms
225 timing reifyNode:node_modules/@rollup/rollup-freebsd-x64 Completed in 210ms
226 timing reifyNode:node_modules/@rollup/rollup-freebsd-arm64 Completed in 210ms
227 timing reifyNode:node_modules/@rollup/rollup-darwin-x64 Completed in 210ms
228 timing reifyNode:node_modules/@rollup/rollup-darwin-arm64 Completed in 209ms
229 timing reifyNode:node_modules/@rollup/rollup-android-arm64 Completed in 210ms
230 timing reifyNode:node_modules/@rollup/rollup-android-arm-eabi Completed in 210ms
231 timing reifyNode:node_modules/@esbuild/win32-ia32 Completed in 205ms
232 timing reifyNode:node_modules/@esbuild/win32-arm64 Completed in 205ms
233 timing reifyNode:node_modules/@esbuild/sunos-x64 Completed in 205ms
234 timing reifyNode:node_modules/@esbuild/openbsd-x64 Completed in 203ms
235 timing reifyNode:node_modules/@esbuild/openbsd-arm64 Completed in 203ms
236 timing reifyNode:node_modules/@esbuild/netbsd-x64 Completed in 203ms
237 timing reifyNode:node_modules/@esbuild/netbsd-arm64 Completed in 204ms
238 timing reifyNode:node_modules/@esbuild/linux-x64 Completed in 204ms
239 timing reifyNode:node_modules/@esbuild/linux-s390x Completed in 204ms
240 timing reifyNode:node_modules/@esbuild/linux-riscv64 Completed in 203ms
241 timing reifyNode:node_modules/@esbuild/linux-ppc64 Completed in 204ms
242 timing reifyNode:node_modules/@esbuild/linux-mips64el Completed in 204ms
243 timing reifyNode:node_modules/@esbuild/linux-loong64 Completed in 204ms
244 timing reifyNode:node_modules/@esbuild/linux-ia32 Completed in 204ms
245 timing reifyNode:node_modules/@esbuild/linux-arm64 Completed in 204ms
246 timing reifyNode:node_modules/@esbuild/linux-arm Completed in 203ms
247 timing reifyNode:node_modules/@esbuild/freebsd-x64 Completed in 203ms
248 timing reifyNode:node_modules/@esbuild/freebsd-arm64 Completed in 203ms
249 timing reifyNode:node_modules/@esbuild/darwin-x64 Completed in 203ms
250 timing reifyNode:node_modules/@esbuild/darwin-arm64 Completed in 203ms
251 timing reifyNode:node_modules/@esbuild/android-x64 Completed in 203ms
252 timing reifyNode:node_modules/@esbuild/android-arm64 Completed in 202ms
253 timing reifyNode:node_modules/@esbuild/android-arm Completed in 203ms
254 timing reifyNode:node_modules/@esbuild/aix-ppc64 Completed in 203ms
255 timing reifyNode:node_modules/natural-compare Completed in 3589ms
256 http fetch POST 200 https://registry.npmjs.org/-/npm/v1/security/advisories/bulk 3775ms
257 timing auditReport:getReport Completed in 3794ms
258 silly audit report {
258 silly audit report   'brace-expansion': [
258 silly audit report     {
258 silly audit report       id: 1105443,
258 silly audit report       url: 'https://github.com/advisories/GHSA-v6h2-p8h4-qcjw',
258 silly audit report       title: 'brace-expansion Regular Expression Denial of Service vulnerability',
258 silly audit report       severity: 'low',
258 silly audit report       vulnerable_versions: '>=1.0.0 <=1.1.11',
258 silly audit report       cwe: [Array],
258 silly audit report       cvss: [Object]
258 silly audit report     }
258 silly audit report   ],
258 silly audit report   'react-router': [
258 silly audit report     {
258 silly audit report       id: 1104042,
258 silly audit report       url: 'https://github.com/advisories/GHSA-cpj6-fhp6-mr6j',
258 silly audit report       title: 'React Router allows pre-render data spoofing on React-Router framework mode',
258 silly audit report       severity: 'high',
258 silly audit report       vulnerable_versions: '>=7.0 <=7.5.1',
258 silly audit report       cwe: [Array],
258 silly audit report       cvss: [Object]
258 silly audit report     },
258 silly audit report     {
258 silly audit report       id: 1104043,
258 silly audit report       url: 'https://github.com/advisories/GHSA-f46r-rw29-r322',
258 silly audit report       title: 'React Router allows a DoS via cache poisoning by forcing SPA mode',
258 silly audit report       severity: 'high',
258 silly audit report       vulnerable_versions: '>=7.2.0 <=7.5.1',
258 silly audit report       cwe: [Array],
258 silly audit report       cvss: [Object]
258 silly audit report     }
258 silly audit report   ]
258 silly audit report }
259 timing reifyNode:node_modules/shebang-command Completed in 3928ms
260 timing reifyNode:node_modules/resolve-from Completed in 3928ms
261 timing reifyNode:node_modules/parent-module Completed in 3941ms
262 timing reifyNode:node_modules/ms Completed in 3943ms
263 timing reifyNode:node_modules/object-assign Completed in 3946ms
264 timing reifyNode:node_modules/is-extglob Completed in 3942ms
265 timing reifyNode:node_modules/glob-parent Completed in 3943ms
266 timing reifyNode:node_modules/imurmurhash Completed in 3946ms
267 timing reifyNode:node_modules/fast-levenshtein Completed in 3942ms
268 timing reifyNode:node_modules/color-name Completed in 3953ms
269 timing reifyNode:node_modules/brace-expansion Completed in 3955ms
270 timing reifyNode:node_modules/@types/d3-timer Completed in 3955ms
271 timing reifyNode:node_modules/@types/d3-path Completed in 3955ms
272 timing reifyNode:node_modules/@types/cookie Completed in 3966ms
273 timing reifyNode:node_modules/@types/babel__generator Completed in 3968ms
274 timing reifyNode:node_modules/@tailwindcss/oxide Completed in 3963ms
275 timing reifyNode:node_modules/@types/babel__template Completed in 3972ms
276 timing reifyNode:node_modules/lru-cache Completed in 4021ms
277 timing reifyNode:node_modules/is-glob Completed in 4025ms
278 timing reifyNode:node_modules/file-entry-cache Completed in 4027ms
279 timing reifyNode:node_modules/convert-source-map Completed in 4099ms
280 timing reifyNode:node_modules/@types/d3-color Completed in 4097ms
281 timing reifyNode:node_modules/@types/d3-ease Completed in 4099ms
282 timing reifyNode:node_modules/@types/d3-time Completed in 4101ms
283 timing reifyNode:node_modules/@types/d3-interpolate Completed in 4114ms
284 timing reifyNode:node_modules/xmlhttprequest-ssl Completed in 4169ms
285 timing reifyNode:node_modules/set-cookie-parser Completed in 4169ms
286 timing reifyNode:node_modules/minimatch Completed in 4175ms
287 timing reifyNode:node_modules/keyv Completed in 4182ms
288 timing reifyNode:node_modules/@types/json-schema Completed in 4224ms
289 timing reifyNode:node_modules/@types/babel__core Completed in 4222ms
290 timing reifyNode:node_modules/lodash.merge Completed in 4280ms
291 timing reifyNode:node_modules/@types/d3-array Completed in 4263ms
292 timing reifyNode:node_modules/word-wrap Completed in 4370ms
293 timing reifyNode:node_modules/yocto-queue Completed in 4372ms
294 timing reifyNode:node_modules/supports-color Completed in 4370ms
295 timing reifyNode:node_modules/shebang-regex Completed in 4375ms
296 timing reifyNode:node_modules/p-locate Completed in 4370ms
297 timing reifyNode:node_modules/path-exists Completed in 4372ms
298 timing reifyNode:node_modules/strip-json-comments Completed in 4381ms
299 timing reifyNode:node_modules/p-limit Completed in 4379ms
300 timing reifyNode:node_modules/import-fresh Completed in 4376ms
301 timing reifyNode:node_modules/path-key Completed in 4387ms
302 timing reifyNode:node_modules/locate-path Completed in 4384ms
303 timing reifyNode:node_modules/has-flag Completed in 4384ms
304 timing reifyNode:node_modules/escape-string-regexp Completed in 4400ms
305 timing reifyNode:node_modules/find-up Completed in 4411ms
306 timing reifyNode:node_modules/callsites Completed in 4419ms
307 timing reifyNode:node_modules/yallist Completed in 4472ms
308 timing reifyNode:node_modules/js-tokens Completed in 4520ms
309 timing reifyNode:node_modules/eslint-plugin-react-refresh Completed in 4512ms
310 timing reifyNode:node_modules/mime-types Completed in 4527ms
311 timing reifyNode:node_modules/esrecurse Completed in 4515ms
312 timing reifyNode:node_modules/combined-stream Completed in 4584ms
313 timing reifyNode:node_modules/balanced-match Completed in 4583ms
314 timing reifyNode:node_modules/@types/estree Completed in 4581ms
315 timing reifyNode:node_modules/ansi-styles Completed in 4585ms
316 timing reifyNode:node_modules/@types/babel__traverse Completed in 4592ms
317 timing reifyNode:node_modules/@tailwindcss/vite Completed in 4593ms
318 timing reifyNode:node_modules/@babel/plugin-transform-react-jsx-source Completed in 4566ms
319 timing reifyNode:node_modules/@babel/plugin-transform-react-jsx-self Completed in 4576ms
320 timing reifyNode:node_modules/@babel/helper-plugin-utils Completed in 4587ms
321 timing reifyNode:node_modules/punycode Completed in 4692ms
322 timing reifyNode:node_modules/rollup/node_modules/@types/estree Completed in 4700ms
323 timing metavuln:cache:get:security-advisory:react-router:epmAhdzygsw+4zIf6CNdBA1NOIsq90APUA4wcBnrLUW25777c5++9X/+vgHgmIBYQ+2BtCqNQYVMcl+rG5YMtw== Completed in 949ms
324 timing metavuln:cache:get:security-advisory:brace-expansion:7IQMvcVTr+svbh5KCx4Kl6FQKJ1GciM03BnJAve/5WYJjUeRzKAIrStVpfachbl3T6a7o8nYlQEVG6Ih0TNXRg== Completed in 954ms
325 timing metavuln:cache:get:security-advisory:react-router:70BFmwwdN5lOZwf7sHB1mEoh1ACiBg3OICCWHffKsUL9ee+JCICZLm7TQwQJdgyVdeSkkVRBJC3UuXZuhSNwhw== Completed in 949ms
326 timing reifyNode:node_modules/@babel/traverse/node_modules/globals Completed in 4682ms
327 timing reifyNode:node_modules/@babel/helper-string-parser Completed in 4713ms
328 timing reifyNode:node_modules/@babel/code-frame Completed in 4719ms
329 timing reifyNode:node_modules/@types/d3-shape Completed in 4790ms
330 timing reifyNode:node_modules/@types/d3-scale Completed in 4792ms
331 timing reifyNode:node_modules/which Completed in 4838ms
332 timing reifyNode:node_modules/json-buffer Completed in 4827ms
333 timing reifyNode:node_modules/delayed-stream Completed in 4821ms
334 timing reifyNode:node_modules/acorn-jsx Completed in 4818ms
335 timing reifyNode:node_modules/type-check Completed in 4861ms
336 timing reifyNode:node_modules/levn Completed in 4854ms
337 timing reifyNode:node_modules/internmap Completed in 4852ms
338 timing reifyNode:node_modules/estraverse Completed in 4847ms
339 timing reifyNode:node_modules/node-releases Completed in 4886ms
340 timing reifyNode:node_modules/ignore Completed in 4879ms
341 timing reifyNode:node_modules/cookie Completed in 4869ms
342 timing reifyNode:node_modules/picocolors Completed in 4898ms
343 timing reifyNode:node_modules/jsesc Completed in 4898ms
344 timing reifyNode:node_modules/semver Completed in 4920ms
345 timing reifyNode:node_modules/graceful-fs Completed in 4904ms
346 timing reifyNode:node_modules/react-router-dom Completed in 4918ms
347 timing reifyNode:node_modules/color-convert Completed in 4934ms
348 timing reifyNode:node_modules/@eslint/core Completed in 4906ms
349 timing reifyNode:node_modules/proxy-from-env Completed in 4968ms
350 timing reifyNode:node_modules/flat-cache Completed in 4956ms
351 timing reifyNode:node_modules/follow-redirects Completed in 4959ms
352 timing reifyNode:node_modules/debug Completed in 4952ms
353 timing reifyNode:node_modules/concat-map Completed in 4952ms
354 timing reifyNode:node_modules/d3-path Completed in 4959ms
355 timing reifyNode:node_modules/detect-libc Completed in 4962ms
356 timing reifyNode:node_modules/socket.io-parser/node_modules/debug Completed in 4995ms
357 timing reifyNode:node_modules/socket.io-client/node_modules/debug Completed in 4997ms
358 timing reifyNode:node_modules/tinyglobby Completed in 5001ms
359 timing reifyNode:node_modules/engine.io-client/node_modules/debug Completed in 4977ms
360 timing reifyNode:node_modules/form-data Completed in 4988ms
361 timing reifyNode:node_modules/gensync Completed in 4992ms
362 timing reifyNode:node_modules/chalk Completed in 4987ms
363 timing reifyNode:node_modules/@eslint/eslintrc/node_modules/globals Completed in 4960ms
364 timing reifyNode:node_modules/loose-envify Completed in 5015ms
365 timing reifyNode:node_modules/optionator Completed in 5019ms
366 timing reifyNode:node_modules/esutils Completed in 5013ms
367 timing reifyNode:node_modules/update-browserslist-db Completed in 5043ms
368 timing reifyNode:node_modules/@eslint/js Completed in 4988ms
369 timing reifyNode:node_modules/isexe Completed in 5044ms
370 timing reifyNode:node_modules/react-is Completed in 5068ms
371 timing reifyNode:node_modules/globals Completed in 5062ms
372 timing reifyNode:node_modules/eventemitter3 Completed in 5066ms
373 timing reifyNode:node_modules/@jridgewell/resolve-uri Completed in 5033ms
374 timing reifyNode:node_modules/@jridgewell/set-array Completed in 5037ms
375 timing reifyNode:node_modules/mime-db Completed in 5094ms
376 timing reifyNode:node_modules/esbuild Completed in 5120ms
377 timing reifyNode:node_modules/@humanfs/node Completed in 5089ms
378 timing reifyNode:node_modules/deep-is Completed in 5132ms
379 timing reifyNode:node_modules/d3-timer Completed in 5134ms
380 timing reifyNode:node_modules/cross-spawn Completed in 5135ms
381 timing reifyNode:node_modules/@babel/helper-validator-identifier Completed in 5093ms
382 timing reifyNode:node_modules/@babel/helper-validator-option Completed in 5094ms
383 timing reifyNode:node_modules/argparse Completed in 5136ms
384 timing reifyNode:node_modules/prop-types/node_modules/react-is Completed in 5164ms
385 timing reifyNode:node_modules/json-schema-traverse Completed in 5163ms
386 timing reifyNode:node_modules/@vitejs/plugin-react Completed in 5160ms
387 timing reifyNode:node_modules/react-refresh Completed in 5193ms
388 timing reifyNode:node_modules/@humanfs/node/node_modules/@humanwhocodes/retry Completed in 5135ms
389 timing reifyNode:node_modules/eslint-visitor-keys Completed in 5178ms
390 timing reifyNode:node_modules/hasown Completed in 5193ms
391 timing reifyNode:node_modules/@eslint-community/eslint-utils/node_modules/eslint-visitor-keys Completed in 5146ms
392 timing reifyNode:node_modules/get-intrinsic Completed in 5192ms
393 timing reifyNode:node_modules/clsx Completed in 5187ms
394 timing reifyNode:node_modules/@socket.io/component-emitter Completed in 5170ms
395 timing reifyNode:node_modules/@humanwhocodes/retry Completed in 5161ms
396 timing reifyNode:node_modules/es-set-tostringtag Completed in 5204ms
397 timing reifyNode:node_modules/@types/react-dom Completed in 5200ms
398 timing reifyNode:node_modules/prelude-ls Completed in 5233ms
399 timing reifyNode:node_modules/@humanwhocodes/module-importer Completed in 5185ms
400 timing reifyNode:node_modules/fast-deep-equal Completed in 5268ms
401 timing reifyNode:node_modules/escalade Completed in 5267ms
402 timing reifyNode:node_modules/picomatch Completed in 5285ms
403 timing reifyNode:node_modules/@jridgewell/gen-mapping Completed in 5243ms
404 timing reifyNode:node_modules/es-define-property Completed in 5286ms
405 timing reifyNode:node_modules/espree Completed in 5289ms
406 timing reifyNode:node_modules/@eslint/config-helpers Completed in 5256ms
407 timing reifyNode:node_modules/@tailwindcss/node Completed in 5276ms
408 timing reifyNode:node_modules/browserslist Completed in 5304ms
409 timing reifyNode:node_modules/@eslint/object-schema Completed in 5278ms
410 timing reifyNode:node_modules/d3-color Completed in 5319ms
411 timing reifyNode:node_modules/@babel/helper-module-imports Completed in 5276ms
412 timing reifyNode:node_modules/@eslint/plugin-kit Completed in 5296ms
413 timing reifyNode:node_modules/eslint-plugin-react-hooks Completed in 5337ms
414 timing reifyNode:node_modules/turbo-stream Completed in 5364ms
415 timing reifyNode:node_modules/gopd Completed in 5350ms
416 timing reifyNode:node_modules/@eslint-community/eslint-utils Completed in 5310ms
417 timing reifyNode:node_modules/function-bind Completed in 5359ms
418 timing reifyNode:node_modules/@jridgewell/sourcemap-codec Completed in 5335ms
419 timing reifyNode:node_modules/@ampproject/remapping Completed in 5377ms
420 timing reifyNode:node_modules/decimal.js-light Completed in 5424ms
421 timing reifyNode:node_modules/prop-types Completed in 5459ms
422 timing reifyNode:node_modules/@humanfs/core Completed in 5415ms
423 timing reifyNode:node_modules/tiny-invariant Completed in 5488ms
424 timing reifyNode:node_modules/electron-to-chromium Completed in 5512ms
425 timing reifyNode:node_modules/flatted Completed in 5533ms
426 timing reifyNode:node_modules/@eslint-community/regexpp Completed in 5530ms
427 timing reifyNode:node_modules/dunder-proto Completed in 5574ms
428 timing reifyNode:node_modules/get-proto Completed in 5594ms
429 timing reifyNode:node_modules/scheduler Completed in 5631ms
430 timing reifyNode:node_modules/@babel/compat-data Completed in 5572ms
431 timing reifyNode:node_modules/es-object-atoms Completed in 5635ms
432 timing reifyNode:node_modules/json-stable-stringify-without-jsonify Completed in 5664ms
433 timing reifyNode:node_modules/eslint-scope Completed in 5681ms
434 timing reifyNode:node_modules/has-tostringtag Completed in 5703ms
435 timing reifyNode:node_modules/has-symbols Completed in 5729ms
436 timing reifyNode:node_modules/d3-time Completed in 5734ms
437 timing reifyNode:node_modules/d3-ease Completed in 5742ms
438 timing reifyNode:node_modules/@babel/helper-compilation-targets Completed in 5698ms
439 timing reifyNode:node_modules/fast-json-stable-stringify Completed in 5799ms
440 timing reifyNode:node_modules/acorn Completed in 5795ms
441 http fetch GET 200 https://registry.npmjs.org/brace-expansion 2072ms (cache revalidated)
442 timing metavuln:packument:brace-expansion Completed in 2075ms
443 timing metavuln:load:security-advisory:brace-expansion:1105443 Completed in 1ms
444 timing metavuln:calculate:security-advisory:brace-expansion:1105443 Completed in 2080ms
445 timing reifyNode:node_modules/@jridgewell/trace-mapping Completed in 5780ms
446 timing reifyNode:node_modules/@babel/helper-module-transforms Completed in 5797ms
447 timing reifyNode:node_modules/source-map-js Completed in 5885ms
448 timing reifyNode:node_modules/asynckit Completed in 5858ms
449 timing reifyNode:node_modules/@babel/template Completed in 5828ms
450 timing reifyNode:node_modules/tapable Completed in 5906ms
451 timing reifyNode:node_modules/@eslint/config-array Completed in 5850ms
452 timing reifyNode:node_modules/ws Completed in 5919ms
453 timing reifyNode:node_modules/lightningcss Completed in 5916ms
454 timing reifyNode:node_modules/call-bind-apply-helpers Completed in 5904ms
455 timing reifyNode:node_modules/es-errors Completed in 5938ms
456 timing reifyNode:node_modules/csstype Completed in 5963ms
457 timing reifyNode:node_modules/json5 Completed in 5989ms
458 timing reifyNode:node_modules/recharts-scale Completed in 6028ms
459 timing reifyNode:node_modules/nanoid Completed in 6068ms
460 timing reifyNode:node_modules/socket.io-parser Completed in 6084ms
461 timing reifyNode:node_modules/esquery Completed in 6135ms
462 timing reifyNode:node_modules/react Completed in 6201ms
463 timing reifyNode:node_modules/react-hot-toast Completed in 6206ms
464 timing reifyNode:node_modules/d3-scale Completed in 6208ms
465 timing reifyNode:node_modules/d3-interpolate Completed in 6221ms
466 timing reifyNode:node_modules/@types/react Completed in 6363ms
467 timing reifyNode:node_modules/engine.io-parser Completed in 6374ms
468 http fetch GET 200 https://registry.npmjs.org/react-router 2641ms (cache updated)
469 timing metavuln:packument:react-router Completed in 2664ms
470 timing metavuln:load:security-advisory:react-router:1104042 Completed in 25ms
471 timing metavuln:load:security-advisory:react-router:1104043 Completed in 21ms
472 timing reifyNode:node_modules/@babel/parser Completed in 6428ms
473 timing reifyNode:node_modules/math-intrinsics Completed in 6493ms
474 timing reifyNode:node_modules/react-smooth Completed in 6512ms
475 timing metavuln:cache:put:security-advisory:react-router:epmAhdzygsw+4zIf6CNdBA1NOIsq90APUA4wcBnrLUW25777c5++9X/+vgHgmIBYQ+2BtCqNQYVMcl+rG5YMtw== Completed in 104ms
476 timing metavuln:calculate:security-advisory:react-router:1104042 Completed in 2795ms
477 timing reifyNode:node_modules/js-yaml Completed in 6551ms
478 timing metavuln:cache:put:security-advisory:react-router:70BFmwwdN5lOZwf7sHB1mEoh1ACiBg3OICCWHffKsUL9ee+JCICZLm7TQwQJdgyVdeSkkVRBJC3UuXZuhSNwhw== Completed in 90ms
479 timing metavuln:calculate:security-advisory:react-router:1104043 Completed in 2803ms
480 timing reifyNode:node_modules/tailwindcss Completed in 6626ms
481 timing reifyNode:node_modules/@tailwindcss/node/node_modules/tailwindcss Completed in 6585ms
482 timing reifyNode:node_modules/@eslint/eslintrc Completed in 6576ms
483 timing reifyNode:node_modules/@tailwindcss/vite/node_modules/tailwindcss Completed in 6605ms
484 timing metavuln:cache:get:security-advisory:minimatch:EdzP79sukXfwnaTxyFO/a1+fXPBBvIH9NlsgWGTGWGSpQkNPxYQxFaMxiKCAwfckwBABbsvD1jCrk+QZ4W56Rw== Completed in 75ms
485 timing reifyNode:node_modules/react-transition-group Completed in 6644ms
486 timing reifyNode:node_modules/fdir Completed in 6673ms
487 timing reifyNode:node_modules/d3-time-format Completed in 6666ms
488 timing reifyNode:node_modules/jiti Completed in 6708ms
489 timing reifyNode:node_modules/@tailwindcss/oxide-win32-x64-msvc Completed in 6861ms
490 timing reifyNode:node_modules/enhanced-resolve Completed in 6889ms
491 http fetch GET 200 https://registry.npmjs.org/minimatch 355ms (cache revalidated)
492 timing metavuln:packument:minimatch Completed in 362ms
493 timing metavuln:load:security-advisory:minimatch:7IQMvcVTr+svbh5KCx4Kl6FQKJ1GciM03BnJAve/5WYJjUeRzKAIrStVpfachbl3T6a7o8nYlQEVG6Ih0TNXRg== Completed in 1ms
494 timing metavuln:calculate:security-advisory:minimatch:7IQMvcVTr+svbh5KCx4Kl6FQKJ1GciM03BnJAve/5WYJjUeRzKAIrStVpfachbl3T6a7o8nYlQEVG6Ih0TNXRg== Completed in 364ms
495 timing reifyNode:node_modules/@babel/generator Completed in 6895ms
496 timing reifyNode:node_modules/uri-js Completed in 6977ms
497 timing reifyNode:node_modules/@rollup/rollup-win32-x64-msvc Completed in 6933ms
498 timing metavuln:cache:get:security-advisory:react-router-dom:muJ1BeuATufCoLRvQccyaJ7KPhtsNtHyXA5vcsBKzWM0o4U7rzoNuril2DHnX3UeGdm+ZlYltZ6BwAe0/ZtiAA== Completed in 55ms
499 timing reifyNode:node_modules/postcss Completed in 7037ms
500 timing reifyNode:node_modules/d3-array Completed in 7182ms
501 timing reifyNode:node_modules/d3-shape Completed in 7212ms
502 timing reifyNode:node_modules/goober Completed in 7226ms
503 timing reifyNode:node_modules/rollup Completed in 7248ms
504 timing reifyNode:node_modules/fast-equals Completed in 7399ms
505 timing reifyNode:node_modules/@babel/traverse Completed in 7353ms
506 timing reifyNode:node_modules/vite Completed in 7477ms
507 timing reifyNode:node_modules/d3-format Completed in 7467ms
508 timing reifyNode:node_modules/socket.io-client Completed in 7542ms
509 timing reifyNode:node_modules/react-router Completed in 7549ms
510 timing reifyNode:node_modules/ajv Completed in 7803ms
511 timing reifyNode:node_modules/lightningcss-win32-x64-msvc Completed in 7937ms
512 timing reifyNode:node_modules/axios Completed in 7968ms
513 timing reifyNode:node_modules/engine.io-client Completed in 8059ms
514 timing reifyNode:node_modules/@babel/core Completed in 8031ms
515 timing reifyNode:node_modules/react-dom Completed in 8126ms
516 timing reifyNode:node_modules/@esbuild/win32-x64 Completed in 8073ms
517 http fetch GET 200 https://registry.npmjs.org/react-router-dom 1265ms (cache updated)
518 timing metavuln:packument:react-router-dom Completed in 1278ms
519 timing metavuln:load:security-advisory:react-router-dom:epmAhdzygsw+4zIf6CNdBA1NOIsq90APUA4wcBnrLUW25777c5++9X/+vgHgmIBYQ+2BtCqNQYVMcl+rG5YMtw== Completed in 1208ms
520 timing metavuln:cache:put:security-advisory:react-router-dom:muJ1BeuATufCoLRvQccyaJ7KPhtsNtHyXA5vcsBKzWM0o4U7rzoNuril2DHnX3UeGdm+ZlYltZ6BwAe0/ZtiAA== Completed in 46ms
521 timing metavuln:calculate:security-advisory:react-router-dom:epmAhdzygsw+4zIf6CNdBA1NOIsq90APUA4wcBnrLUW25777c5++9X/+vgHgmIBYQ+2BtCqNQYVMcl+rG5YMtw== Completed in 2535ms
522 timing auditReport:init Completed in 5721ms
523 timing reify:audit Completed in 9518ms
524 timing reifyNode:node_modules/@babel/runtime Completed in 10131ms
525 timing reifyNode:node_modules/@babel/types Completed in 10146ms
526 timing reifyNode:node_modules/@babel/helpers Completed in 10265ms
527 timing reifyNode:node_modules/dom-helpers Completed in 10699ms
528 timing reifyNode:node_modules/victory-vendor Completed in 10912ms
529 timing reifyNode:node_modules/recharts Completed in 11437ms
530 timing reifyNode:node_modules/eslint Completed in 12339ms
531 timing reifyNode:node_modules/caniuse-lite Completed in 13672ms
532 timing reifyNode:node_modules/lodash Completed in 14087ms
533 timing reify:unpack Completed in 14102ms
534 timing reify:unretire Completed in 2ms
535 timing build:queue Completed in 23ms
536 timing build:link:node_modules/@babel/parser Completed in 106ms
537 timing build:link:node_modules/acorn Completed in 104ms
538 timing build:link:node_modules/eslint Completed in 102ms
539 timing build:link:node_modules/esbuild Completed in 103ms
540 timing build:link:node_modules/jsesc Completed in 101ms
541 timing build:link:node_modules/jiti Completed in 101ms
542 timing build:link:node_modules/js-yaml Completed in 101ms
543 timing build:link:node_modules/nanoid Completed in 101ms
544 timing build:link:node_modules/browserslist Completed in 106ms
545 timing build:link:node_modules/semver Completed in 101ms
546 timing build:link:node_modules/json5 Completed in 103ms
547 timing build:link:node_modules/update-browserslist-db Completed in 100ms
548 timing build:link:node_modules/rollup Completed in 101ms
549 timing build:link:node_modules/loose-envify Completed in 102ms
550 timing build:link:node_modules/vite Completed in 100ms
551 timing build:link:node_modules/which Completed in 100ms
552 timing build:link Completed in 109ms
553 info run esbuild@0.25.1 postinstall node_modules/esbuild node install.js
554 info run esbuild@0.25.1 postinstall { code: 0, signal: null }
555 timing build:run:postinstall:node_modules/esbuild Completed in 2167ms
556 timing build:run:postinstall Completed in 2168ms
557 timing build:deps Completed in 2301ms
558 timing build Completed in 2302ms
559 timing reify:build Completed in 2304ms
560 timing reify:trash Completed in 14ms
561 timing reify:save Completed in 182ms
562 timing reify Completed in 17620ms
563 silly ADD node_modules/yocto-queue
564 silly ADD node_modules/yallist
565 silly ADD node_modules/xmlhttprequest-ssl
566 silly ADD node_modules/ws
567 silly ADD node_modules/word-wrap
568 silly ADD node_modules/which
569 silly ADD node_modules/vite
570 silly ADD node_modules/victory-vendor
571 silly ADD node_modules/uri-js
572 silly ADD node_modules/update-browserslist-db
573 silly ADD node_modules/type-check
574 silly ADD node_modules/turbo-stream
575 silly ADD node_modules/tinyglobby
576 silly ADD node_modules/tiny-invariant
577 silly ADD node_modules/tapable
578 silly ADD node_modules/tailwindcss
579 silly ADD node_modules/supports-color
580 silly ADD node_modules/strip-json-comments
581 silly ADD node_modules/source-map-js
582 silly ADD node_modules/socket.io-parser
583 silly ADD node_modules/socket.io-parser/node_modules/debug
584 silly ADD node_modules/socket.io-client
585 silly ADD node_modules/socket.io-client/node_modules/debug
586 silly ADD node_modules/shebang-regex
587 silly ADD node_modules/shebang-command
588 silly ADD node_modules/set-cookie-parser
589 silly ADD node_modules/semver
590 silly ADD node_modules/scheduler
591 silly ADD node_modules/rollup
592 silly ADD node_modules/rollup/node_modules/@types/estree
593 silly ADD node_modules/resolve-from
594 silly ADD node_modules/recharts-scale
595 silly ADD node_modules/recharts
596 silly ADD node_modules/react-transition-group
597 silly ADD node_modules/react-smooth
598 silly ADD node_modules/react-router-dom
599 silly ADD node_modules/react-router
600 silly ADD node_modules/react-refresh
601 silly ADD node_modules/react-is
602 silly ADD node_modules/react-hot-toast
603 silly ADD node_modules/react-dom
604 silly ADD node_modules/react
605 silly ADD node_modules/punycode
606 silly ADD node_modules/proxy-from-env
607 silly ADD node_modules/prop-types
608 silly ADD node_modules/prop-types/node_modules/react-is
609 silly ADD node_modules/prelude-ls
610 silly ADD node_modules/postcss
611 silly ADD node_modules/picomatch
612 silly ADD node_modules/picocolors
613 silly ADD node_modules/path-key
614 silly ADD node_modules/path-exists
615 silly ADD node_modules/parent-module
616 silly ADD node_modules/p-locate
617 silly ADD node_modules/p-limit
618 silly ADD node_modules/optionator
619 silly ADD node_modules/object-assign
620 silly ADD node_modules/node-releases
621 silly ADD node_modules/natural-compare
622 silly ADD node_modules/nanoid
623 silly ADD node_modules/ms
624 silly ADD node_modules/minimatch
625 silly ADD node_modules/mime-types
626 silly ADD node_modules/mime-db
627 silly ADD node_modules/math-intrinsics
628 silly ADD node_modules/lru-cache
629 silly ADD node_modules/loose-envify
630 silly ADD node_modules/lodash.merge
631 silly ADD node_modules/lodash
632 silly ADD node_modules/locate-path
633 silly ADD node_modules/lightningcss-win32-x64-msvc
634 silly ADD
635 silly ADD
636 silly ADD
637 silly ADD
638 silly ADD
639 silly ADD
640 silly ADD
641 silly ADD
642 silly ADD
643 silly ADD node_modules/lightningcss
644 silly ADD node_modules/levn
645 silly ADD node_modules/keyv
646 silly ADD node_modules/json5
647 silly ADD node_modules/json-stable-stringify-without-jsonify
648 silly ADD node_modules/json-schema-traverse
649 silly ADD node_modules/json-buffer
650 silly ADD node_modules/jsesc
651 silly ADD node_modules/js-yaml
652 silly ADD node_modules/js-tokens
653 silly ADD node_modules/jiti
654 silly ADD node_modules/isexe
655 silly ADD node_modules/is-glob
656 silly ADD node_modules/is-extglob
657 silly ADD node_modules/internmap
658 silly ADD node_modules/imurmurhash
659 silly ADD node_modules/import-fresh
660 silly ADD node_modules/ignore
661 silly ADD node_modules/hasown
662 silly ADD node_modules/has-tostringtag
663 silly ADD node_modules/has-symbols
664 silly ADD node_modules/has-flag
665 silly ADD node_modules/graceful-fs
666 silly ADD node_modules/gopd
667 silly ADD node_modules/goober
668 silly ADD node_modules/globals
669 silly ADD node_modules/glob-parent
670 silly ADD node_modules/get-proto
671 silly ADD node_modules/get-intrinsic
672 silly ADD node_modules/gensync
673 silly ADD node_modules/function-bind
674 silly ADD
675 silly ADD node_modules/form-data
676 silly ADD node_modules/follow-redirects
677 silly ADD node_modules/flatted
678 silly ADD node_modules/flat-cache
679 silly ADD node_modules/find-up
680 silly ADD node_modules/file-entry-cache
681 silly ADD node_modules/fdir
682 silly ADD node_modules/fast-levenshtein
683 silly ADD node_modules/fast-json-stable-stringify
684 silly ADD node_modules/fast-equals
685 silly ADD node_modules/fast-deep-equal
686 silly ADD node_modules/eventemitter3
687 silly ADD node_modules/esutils
688 silly ADD node_modules/estraverse
689 silly ADD node_modules/esrecurse
690 silly ADD node_modules/esquery
691 silly ADD node_modules/espree
692 silly ADD node_modules/eslint-visitor-keys
693 silly ADD node_modules/eslint-scope
694 silly ADD node_modules/eslint-plugin-react-refresh
695 silly ADD node_modules/eslint-plugin-react-hooks
696 silly ADD node_modules/eslint
697 silly ADD node_modules/escape-string-regexp
698 silly ADD node_modules/escalade
699 silly ADD node_modules/esbuild
700 silly ADD node_modules/es-set-tostringtag
701 silly ADD node_modules/es-object-atoms
702 silly ADD node_modules/es-errors
703 silly ADD node_modules/es-define-property
704 silly ADD node_modules/enhanced-resolve
705 silly ADD node_modules/engine.io-parser
706 silly ADD node_modules/engine.io-client
707 silly ADD node_modules/engine.io-client/node_modules/debug
708 silly ADD node_modules/electron-to-chromium
709 silly ADD node_modules/dunder-proto
710 silly ADD node_modules/dom-helpers
711 silly ADD node_modules/detect-libc
712 silly ADD node_modules/delayed-stream
713 silly ADD node_modules/deep-is
714 silly ADD node_modules/decimal.js-light
715 silly ADD node_modules/debug
716 silly ADD node_modules/d3-timer
717 silly ADD node_modules/d3-time-format
718 silly ADD node_modules/d3-time
719 silly ADD node_modules/d3-shape
720 silly ADD node_modules/d3-scale
721 silly ADD node_modules/d3-path
722 silly ADD node_modules/d3-interpolate
723 silly ADD node_modules/d3-format
724 silly ADD node_modules/d3-ease
725 silly ADD node_modules/d3-color
726 silly ADD node_modules/d3-array
727 silly ADD node_modules/csstype
728 silly ADD node_modules/cross-spawn
729 silly ADD node_modules/cookie
730 silly ADD node_modules/convert-source-map
731 silly ADD node_modules/concat-map
732 silly ADD node_modules/combined-stream
733 silly ADD node_modules/color-name
734 silly ADD node_modules/color-convert
735 silly ADD node_modules/clsx
736 silly ADD node_modules/chalk
737 silly ADD node_modules/caniuse-lite
738 silly ADD node_modules/callsites
739 silly ADD node_modules/call-bind-apply-helpers
740 silly ADD node_modules/browserslist
741 silly ADD node_modules/brace-expansion
742 silly ADD node_modules/balanced-match
743 silly ADD node_modules/axios
744 silly ADD node_modules/asynckit
745 silly ADD node_modules/argparse
746 silly ADD node_modules/ansi-styles
747 silly ADD node_modules/ajv
748 silly ADD node_modules/acorn-jsx
749 silly ADD node_modules/acorn
750 silly ADD node_modules/@vitejs/plugin-react
751 silly ADD node_modules/@types/react-dom
752 silly ADD node_modules/@types/react
753 silly ADD node_modules/@types/json-schema
754 silly ADD node_modules/@types/estree
755 silly ADD node_modules/@types/d3-timer
756 silly ADD node_modules/@types/d3-time
757 silly ADD node_modules/@types/d3-shape
758 silly ADD node_modules/@types/d3-scale
759 silly ADD node_modules/@types/d3-path
760 silly ADD node_modules/@types/d3-interpolate
761 silly ADD node_modules/@types/d3-ease
762 silly ADD node_modules/@types/d3-color
763 silly ADD node_modules/@types/d3-array
764 silly ADD node_modules/@types/cookie
765 silly ADD node_modules/@types/babel__traverse
766 silly ADD node_modules/@types/babel__template
767 silly ADD node_modules/@types/babel__generator
768 silly ADD node_modules/@types/babel__core
769 silly ADD node_modules/@tailwindcss/vite
770 silly ADD node_modules/@tailwindcss/vite/node_modules/tailwindcss
771 silly ADD node_modules/@tailwindcss/oxide-win32-x64-msvc
772 silly ADD
773 silly ADD
774 silly ADD
775 silly ADD
776 silly ADD
777 silly ADD
778 silly ADD
779 silly ADD
780 silly ADD
781 silly ADD
782 silly ADD node_modules/@tailwindcss/oxide
783 silly ADD node_modules/@tailwindcss/node
784 silly ADD node_modules/@tailwindcss/node/node_modules/tailwindcss
785 silly ADD node_modules/@socket.io/component-emitter
786 silly ADD node_modules/@rollup/rollup-win32-x64-msvc
787 silly ADD
788 silly ADD
789 silly ADD
790 silly ADD
791 silly ADD
792 silly ADD
793 silly ADD
794 silly ADD
795 silly ADD
796 silly ADD
797 silly ADD
798 silly ADD
799 silly ADD
800 silly ADD
801 silly ADD
802 silly ADD
803 silly ADD
804 silly ADD
805 silly ADD
806 silly ADD node_modules/@jridgewell/trace-mapping
807 silly ADD node_modules/@jridgewell/sourcemap-codec
808 silly ADD node_modules/@jridgewell/set-array
809 silly ADD node_modules/@jridgewell/resolve-uri
810 silly ADD node_modules/@jridgewell/gen-mapping
811 silly ADD node_modules/@humanwhocodes/retry
812 silly ADD node_modules/@humanwhocodes/module-importer
813 silly ADD node_modules/@humanfs/node
814 silly ADD node_modules/@humanfs/node/node_modules/@humanwhocodes/retry
815 silly ADD node_modules/@humanfs/core
816 silly ADD node_modules/@eslint/plugin-kit
817 silly ADD node_modules/@eslint/object-schema
818 silly ADD node_modules/@eslint/js
819 silly ADD node_modules/@eslint/eslintrc
820 silly ADD node_modules/@eslint/eslintrc/node_modules/globals
821 silly ADD node_modules/@eslint/core
822 silly ADD node_modules/@eslint/config-helpers
823 silly ADD node_modules/@eslint/config-array
824 silly ADD node_modules/@eslint-community/regexpp
825 silly ADD node_modules/@eslint-community/eslint-utils
826 silly ADD node_modules/@eslint-community/eslint-utils/node_modules/eslint-visitor-keys
827 silly ADD node_modules/@esbuild/win32-x64
828 silly ADD
829 silly ADD
830 silly ADD
831 silly ADD
832 silly ADD
833 silly ADD
834 silly ADD
835 silly ADD
836 silly ADD
837 silly ADD
838 silly ADD
839 silly ADD
840 silly ADD
841 silly ADD
842 silly ADD
843 silly ADD
844 silly ADD
845 silly ADD
846 silly ADD
847 silly ADD
848 silly ADD
849 silly ADD
850 silly ADD
851 silly ADD
852 silly ADD node_modules/@babel/types
853 silly ADD node_modules/@babel/traverse
854 silly ADD node_modules/@babel/traverse/node_modules/globals
855 silly ADD node_modules/@babel/template
856 silly ADD node_modules/@babel/runtime
857 silly ADD node_modules/@babel/plugin-transform-react-jsx-source
858 silly ADD node_modules/@babel/plugin-transform-react-jsx-self
859 silly ADD node_modules/@babel/parser
860 silly ADD node_modules/@babel/helpers
861 silly ADD node_modules/@babel/helper-validator-option
862 silly ADD node_modules/@babel/helper-validator-identifier
863 silly ADD node_modules/@babel/helper-string-parser
864 silly ADD node_modules/@babel/helper-plugin-utils
865 silly ADD node_modules/@babel/helper-module-transforms
866 silly ADD node_modules/@babel/helper-module-imports
867 silly ADD node_modules/@babel/helper-compilation-targets
868 silly ADD node_modules/@babel/generator
869 silly ADD node_modules/@babel/core
870 silly ADD node_modules/@babel/compat-data
871 silly ADD node_modules/@babel/code-frame
872 silly ADD node_modules/@ampproject/remapping
873 timing command:install Completed in 17754ms
874 verbose exit 0
875 timing npm Completed in 17871ms
876 info ok
