0 verbose cli C:\Program Files\nodejs\node.exe C:\Program Files\nodejs\node_modules\npm\bin\npm-cli.js
1 info using npm@9.5.0
2 info using node@v18.15.0
3 timing npm:load:whichnode Completed in 3ms
4 timing config:load:defaults Completed in 3ms
5 timing config:load:file:C:\Program Files\nodejs\node_modules\npm\npmrc Completed in 5ms
6 timing config:load:builtin Completed in 6ms
7 timing config:load:cli Completed in 3ms
8 timing config:load:env Completed in 2ms
9 timing config:load:file:C:\Grocify admin update complete\Grocify - Major project\server\.npmrc Completed in 0ms
10 timing config:load:project Completed in 3ms
11 timing config:load:file:C:\Users\MOHAMMAD AZHAR\.npmrc Completed in 1ms
12 timing config:load:user Completed in 1ms
13 timing config:load:file:C:\Users\MOHAMMAD AZHAR\AppData\Roaming\npm\etc\npmrc Completed in 1ms
14 timing config:load:global Completed in 1ms
15 timing config:load:setEnvs Completed in 4ms
16 timing config:load Completed in 25ms
17 timing npm:load:configload Completed in 25ms
18 timing npm:load:mkdirpcache Completed in 1ms
19 timing npm:load:mkdirplogs Completed in 1ms
20 verbose title npm run server
21 verbose argv "run" "server"
22 timing npm:load:setTitle Completed in 3ms
23 timing config:load:flatten Completed in 6ms
24 timing npm:load:display Completed in 6ms
25 verbose logfile logs-max:10 dir:C:\Users\MOHAMMAD AZHAR\OneDrive\Desktop\Grocify - Major project\client\npm-cache\_logs\2025-06-19T08_44_01_067Z-
26 verbose logfile C:\Users\MOHAMMAD AZHAR\OneDrive\Desktop\Grocify - Major project\client\npm-cache\_logs\2025-06-19T08_44_01_067Z-debug-0.log
27 timing npm:load:logFile Completed in 12ms
28 timing npm:load:timers Completed in 0ms
29 timing npm:load:configScope Completed in 0ms
30 timing npm:load Completed in 53ms
31 silly logfile start cleaning logs, removing 2 files
32 silly logfile done cleaning log files
