0 verbose cli C:\Program Files\nodejs\node.exe C:\Program Files\nodejs\node_modules\npm\bin\npm-cli.js
1 info using npm@9.5.0
2 info using node@v18.15.0
3 timing npm:load:whichnode Completed in 24ms
4 timing config:load:defaults Completed in 9ms
5 timing config:load:file:C:\Program Files\nodejs\node_modules\npm\npmrc Completed in 7ms
6 timing config:load:builtin Completed in 7ms
7 timing config:load:cli Completed in 5ms
8 timing config:load:env Completed in 1ms
9 timing config:load:project Completed in 2ms
10 timing config:load:file:C:\Users\MOHAMMAD AZHAR\.npmrc Completed in 8ms
11 timing config:load:user Completed in 9ms
12 timing config:load:file:C:\Users\MOHAMMAD AZHAR\AppData\Roaming\npm\etc\npmrc Completed in 2ms
13 timing config:load:global Completed in 2ms
14 timing config:load:setEnvs Completed in 11ms
15 timing config:load Completed in 50ms
16 timing npm:load:configload Completed in 50ms
17 timing npm:load:mkdirpcache Completed in 21ms
18 timing npm:load:mkdirplogs Completed in 15ms
19 verbose title npm prefix
20 verbose argv "prefix" "--global"
21 timing npm:load:setTitle Completed in 12ms
22 timing config:load:flatten Completed in 21ms
23 timing npm:load:display Completed in 23ms
24 verbose logfile logs-max:10 dir:C:\Users\MOHAMMAD AZHAR\OneDrive\Desktop\Grocify - Major project\client\npm-cache\_logs\2025-06-30T14_42_01_118Z-
25 verbose logfile C:\Users\MOHAMMAD AZHAR\OneDrive\Desktop\Grocify - Major project\client\npm-cache\_logs\2025-06-30T14_42_01_118Z-debug-0.log
26 timing npm:load:logFile Completed in 112ms
27 timing npm:load:timers Completed in 1ms
28 timing npm:load:configScope Completed in 0ms
29 timing npm:load Completed in 258ms
30 timing command:prefix Completed in 7ms
31 verbose exit 0
32 timing npm Completed in 303ms
33 info ok
