0 verbose cli C:\Program Files\nodejs\node.exe C:\Program Files\nodejs\node_modules\npm\bin\npm-cli.js
1 info using npm@9.5.0
2 info using node@v18.15.0
3 timing npm:load:whichnode Completed in 4ms
4 timing config:load:defaults Completed in 6ms
5 timing config:load:file:C:\Program Files\nodejs\node_modules\npm\npmrc Completed in 5ms
6 timing config:load:builtin Completed in 5ms
7 timing config:load:cli Completed in 7ms
8 timing config:load:env Completed in 3ms
9 timing config:load:file:c:\Users\MOHAMMAD AZHAR\OneDrive\Desktop\Grocify - Major project\client\.npmrc Completed in 0ms
10 timing config:load:project Completed in 6ms
11 timing config:load:file:C:\Users\MOHAMMAD AZHAR\.npmrc Completed in 2ms
12 timing config:load:user Completed in 2ms
13 timing config:load:file:C:\Users\MOHAMMAD AZHAR\AppData\Roaming\npm\etc\npmrc Completed in 1ms
14 timing config:load:global Completed in 2ms
15 timing config:load:setEnvs Completed in 4ms
16 timing config:load Completed in 36ms
17 timing npm:load:configload Completed in 37ms
18 timing npm:load:mkdirpcache Completed in 1ms
19 timing npm:load:mkdirplogs Completed in 1ms
20 verbose title npm view react-router-dom description dist-tags.latest homepage version time
21 verbose argv "view" "--json" "--" "react-router-dom" "description" "dist-tags.latest" "homepage" "version" "time"
22 timing npm:load:setTitle Completed in 5ms
23 timing config:load:flatten Completed in 9ms
24 timing npm:load:display Completed in 11ms
25 verbose logfile logs-max:10 dir:C:\Users\MOHAMMAD AZHAR\OneDrive\Desktop\Grocify - Major project\client\npm-cache\_logs\2025-06-30T14_42_04_243Z-
26 verbose logfile C:\Users\MOHAMMAD AZHAR\OneDrive\Desktop\Grocify - Major project\client\npm-cache\_logs\2025-06-30T14_42_04_243Z-debug-0.log
27 timing npm:load:logFile Completed in 56ms
28 timing npm:load:timers Completed in 0ms
29 timing npm:load:configScope Completed in 0ms
30 timing npm:load Completed in 118ms
31 silly logfile start cleaning logs, removing 3 files
32 silly logfile error removing log file C:/Users/MOHAMMAD AZHAR/OneDrive/Desktop/Grocify - Major project/client/npm-cache/_logs/2025-06-19T08_45_43_549Z-debug-0.log [Error: EPERM: operation not permitted, lstat 'C:\Users\MOHAMMAD AZHAR\OneDrive\Desktop\Grocify - Major project\client\npm-cache\_logs\2025-06-19T08_45_43_549Z-debug-0.log'] {
32 silly logfile   errno: -4048,
32 silly logfile   code: 'EPERM',
32 silly logfile   syscall: 'lstat',
32 silly logfile   path: 'C:\\Users\\MOHAMMAD AZHAR\\OneDrive\\Desktop\\Grocify - Major project\\client\\npm-cache\\_logs\\2025-06-19T08_45_43_549Z-debug-0.log'
32 silly logfile }
33 silly logfile error removing log file C:/Users/MOHAMMAD AZHAR/OneDrive/Desktop/Grocify - Major project/client/npm-cache/_logs/2025-06-30T09_02_08_557Z-debug-0.log [Error: EPERM: operation not permitted, lstat 'C:\Users\MOHAMMAD AZHAR\OneDrive\Desktop\Grocify - Major project\client\npm-cache\_logs\2025-06-30T09_02_08_557Z-debug-0.log'] {
33 silly logfile   errno: -4048,
33 silly logfile   code: 'EPERM',
33 silly logfile   syscall: 'lstat',
33 silly logfile   path: 'C:\\Users\\MOHAMMAD AZHAR\\OneDrive\\Desktop\\Grocify - Major project\\client\\npm-cache\\_logs\\2025-06-30T09_02_08_557Z-debug-0.log'
33 silly logfile }
34 silly logfile done cleaning log files
35 http fetch GET 200 https://registry.npmjs.org/react-router-dom 1183ms (cache miss)
36 timing command:view Completed in 1357ms
37 verbose exit 0
38 timing npm Completed in 1536ms
39 info ok
